#
# A fatal error has been detected by the Java Runtime Environment:
#
#  EXCEPTION_ACCESS_VIOLATION (0xc0000005) at pc=0x00007fffb66ac1a6, pid=428, tid=15272
#
# JRE version: OpenJDK Runtime Environment Temurin-21.0.3+9 (21.0.3+9) (build 21.0.3+9-LTS)
# Java VM: OpenJDK 64-Bit Server VM Temurin-21.0.3+9 (21.0.3+9-LTS, mixed mode, emulated-client, sharing, tiered, compressed oops, compressed class ptrs, g1 gc, windows-amd64)
# Problematic frame:
# V  [jvm.dll+0xc1a6]
#
# No core dump will be written. Minidumps are not enabled by default on client versions of Windows
#
# If you would like to submit a bug report, please visit:
#   https://github.com/adoptium/adoptium-support/issues
#

---------------  S U M M A R Y ------------

Command Line: -XX:+ShowCodeDetailsInExceptionMessages -agentlib:jdwp=transport=dt_socket,suspend=y,address=localhost:65090 -Dcom.sun.management.jmxremote -Dcom.sun.management.jmxremote.port=65089 -Dcom.sun.management.jmxremote.authenticate=false -Dcom.sun.management.jmxremote.ssl=false -Djava.rmi.server.hostname=localhost -Dspring.jmx.enabled=true -Dmanagement.endpoints.jmx.exposure.include=* -Dspring.application.admin.enabled=true -XX:TieredStopAtLevel=1 -Dspring.boot.project.name=ToDoapp -javaagent:C:\pleiades\2024-06\eclipse\configuration\org.eclipse.osgi\251\0\.cp\lib\javaagent-shaded.jar -Dfile.encoding=UTF-8 -Dstdout.encoding=UTF-8 -Dstderr.encoding=UTF-8 com.example.demo.ToDoappApplication --spring.output.ansi.enabled=always

Host: Intel(R) Core(TM) i7-7500U CPU @ 2.70GHz, 4 cores, 15G,  Windows 10 , 64 bit Build 19041 (10.0.19041.5198)
Time: Mon Dec 16 00:01:37 2024  Windows 10 , 64 bit Build 19041 (10.0.19041.5198) elapsed time: 3542.176849 seconds (0d 0h 59m 2s)

---------------  T H R E A D  ---------------

Current thread (0x000002c395e0f4a0):  WorkerThread "GC Thread#0"    [id=15272, stack(0x000000cb8de00000,0x000000cb8df00000) (1024K)]

Stack: [0x000000cb8de00000,0x000000cb8df00000],  sp=0x000000cb8defddc8,  free space=1015k
Native frames: (J=compiled Java code, j=interpreted, Vv=VM code, C=native code)
V  [jvm.dll+0xc1a6]

JavaThread 0x000002c3f135f2e0 (nid = 8256) was being processed
Java frames: (J=compiled Java code, j=interpreted, Vv=VM code)
j  java.lang.invoke.DirectMethodHandle$Holder.newInvokeSpecial(Ljava/lang/Object;)Ljava/lang/Object;+15 java.base@21.0.3
J 926 c1 jdk.internal.reflect.DirectConstructorHandleAccessor.newInstance([Ljava/lang/Object;)Ljava/lang/Object; java.base@21.0.3 (130 bytes) @ 0x000002c39e81c76c [0x000002c39e81c560+0x000000000000020c]
J 925 c1 java.lang.reflect.Constructor.newInstanceWithCaller([Ljava/lang/Object;ZLjava/lang/Class;)Ljava/lang/Object; java.base@21.0.3 (51 bytes) @ 0x000002c39e8191bc [0x000002c39e8190e0+0x00000000000000dc]
J 3428 c1 org.springframework.beans.BeanUtils.instantiateClass(Ljava/lang/reflect/Constructor;[Ljava/lang/Object;)Ljava/lang/Object; (208 bytes) @ 0x000002c39ec91b0c [0x000002c39ec91580+0x000000000000058c]
J 7549 c1 org.springframework.beans.factory.support.SimpleInstantiationStrategy.instantiate(Lorg/springframework/beans/factory/support/RootBeanDefinition;Ljava/lang/String;Lorg/springframework/beans/factory/BeanFactory;)Ljava/lang/Object; (123 bytes) @ 0x000002c39eb0176c [0x000002c39eb012a0+0x00000000000004cc]
J 7548 c1 org.springframework.beans.factory.support.AbstractAutowireCapableBeanFactory.instantiateBean(Ljava/lang/String;Lorg/springframework/beans/factory/support/RootBeanDefinition;)Lorg/springframework/beans/BeanWrapper; (51 bytes) @ 0x000002c39e5ba574 [0x000002c39e5ba4c0+0x00000000000000b4]
J 7060 c1 org.springframework.beans.factory.support.AbstractAutowireCapableBeanFactory.createBeanInstance(Ljava/lang/String;Lorg/springframework/beans/factory/support/RootBeanDefinition;[Ljava/lang/Object;)Lorg/springframework/beans/BeanWrapper; (245 bytes) @ 0x000002c39f19e004 [0x000002c39f19d9c0+0x0000000000000644]
J 5759 c1 org.springframework.beans.factory.support.AbstractAutowireCapableBeanFactory.doCreateBean(Ljava/lang/String;Lorg/springframework/beans/factory/support/RootBeanDefinition;[Ljava/lang/Object;)Ljava/lang/Object; (465 bytes) @ 0x000002c39f06192c [0x000002c39f061780+0x00000000000001ac]
J 5758 c1 org.springframework.beans.factory.support.AbstractAutowireCapableBeanFactory.createBean(Ljava/lang/String;Lorg/springframework/beans/factory/support/RootBeanDefinition;[Ljava/lang/Object;)Ljava/lang/Object; (214 bytes) @ 0x000002c39f05b9bc [0x000002c39f05b4c0+0x00000000000004fc]
J 5767 c1 org.springframework.beans.factory.support.AbstractBeanFactory$$Lambda+0x000002c3aa28a550.getObject()Ljava/lang/Object; (20 bytes) @ 0x000002c39f06453c [0x000002c39f0644a0+0x000000000000009c]
J 5756 c1 org.springframework.beans.factory.support.DefaultSingletonBeanRegistry.getSingleton(Ljava/lang/String;Lorg/springframework/beans/factory/ObjectFactory;)Ljava/lang/Object; (461 bytes) @ 0x000002c39f05d9c4 [0x000002c39f05d380+0x0000000000000644]
J 3195 c1 org.springframework.beans.factory.support.AbstractBeanFactory.doGetBean(Ljava/lang/String;Ljava/lang/Class;[Ljava/lang/Object;Z)Ljava/lang/Object; (787 bytes) @ 0x000002c39ec2782c [0x000002c39ec271a0+0x000000000000068c]
J 5780 c1 org.springframework.beans.factory.support.DefaultListableBeanFactory.instantiateSingleton(Ljava/lang/String;)V (56 bytes) @ 0x000002c39f06db74 [0x000002c39f06d720+0x0000000000000454]
J 5778 c1 org.springframework.beans.factory.support.DefaultListableBeanFactory.preInstantiateSingleton(Ljava/lang/String;Lorg/springframework/beans/factory/support/RootBeanDefinition;)Ljava/util/concurrent/CompletableFuture; (146 bytes) @ 0x000002c39f06cd9c [0x000002c39f06cae0+0x00000000000002bc]
j  org.springframework.beans.factory.support.DefaultListableBeanFactory.preInstantiateSingletons()V+118
j  org.springframework.context.support.AbstractApplicationContext.finishBeanFactoryInitialization(Lorg/springframework/beans/factory/config/ConfigurableListableBeanFactory;)V+284
j  org.springframework.context.support.AbstractApplicationContext.refresh()V+94
j  org.springframework.boot.web.servlet.context.ServletWebServerApplicationContext.refresh()V+1
j  org.springframework.boot.SpringApplication.refresh(Lorg/springframework/context/ConfigurableApplicationContext;)V+1
j  org.springframework.boot.SpringApplication.refreshContext(Lorg/springframework/context/ConfigurableApplicationContext;)V+19
j  org.springframework.boot.SpringApplication.run([Ljava/lang/String;)Lorg/springframework/context/ConfigurableApplicationContext;+113
j  org.springframework.boot.SpringApplication.run([Ljava/lang/Class;[Ljava/lang/String;)Lorg/springframework/context/ConfigurableApplicationContext;+9
j  org.springframework.boot.SpringApplication.run(Ljava/lang/Class;[Ljava/lang/String;)Lorg/springframework/context/ConfigurableApplicationContext;+9
j  com.example.demo.ToDoappApplication.main([Ljava/lang/String;)V+3
j  java.lang.invoke.LambdaForm$DMH+0x000002c3aa004c00.invokeStatic(Ljava/lang/Object;Ljava/lang/Object;)V+10 java.base@21.0.3
j  java.lang.invoke.LambdaForm$MH+0x000002c3aa9f5400.invoke(Ljava/lang/Object;Ljava/lang/Object;Ljava/lang/Object;)Ljava/lang/Object;+33 java.base@21.0.3
J 4510 c1 jdk.internal.reflect.DirectMethodHandleAccessor.invoke(Ljava/lang/Object;[Ljava/lang/Object;)Ljava/lang/Object; java.base@21.0.3 (92 bytes) @ 0x000002c39e6f4cfc [0x000002c39e6f4940+0x00000000000003bc]
J 4527 c1 java.lang.reflect.Method.invoke(Ljava/lang/Object;[Ljava/lang/Object;)Ljava/lang/Object; java.base@21.0.3 (108 bytes) @ 0x000002c39e6a6a74 [0x000002c39e6a6880+0x00000000000001f4]
j  org.springframework.boot.devtools.restart.RestartLauncher.run()V+47
v  ~StubRoutines::call_stub 0x000002c39e47100d

siginfo: EXCEPTION_ACCESS_VIOLATION (0xc0000005), reading address 0x000002c45272d087


Registers:
RAX=0x0000000000000000, RBX=0x0000000000001f39, RCX=0x000000cb8edfdb90, RDX=0x000000cb8edfdb90
RSP=0x000000cb8defddc8, RBP=0x000000cb8defdfa0, RSI=0x000000cb8defe170, RDI=0x000000cb8edfdb90
R8 =0x000002c45272d07f, R9 =0x000000cb8edfdb90, R10=0x000002c39e470000, R11=0x000000cb8defe018
R12=0x000002c3a9544140, R13=0x000000cb8edfdb90, R14=0x000002c3f0e62000, R15=0x000002c45272d07f
RIP=0x00007fffb66ac1a6, EFLAGS=0x0000000000010202


Register to memory mapping:

RAX=0x0 is null
RBX=0x0000000000001f39 is an unknown value
RCX=0x000000cb8edfdb90 is pointing into the stack for thread: 0x000002c3f135f2e0
RDX=0x000000cb8edfdb90 is pointing into the stack for thread: 0x000002c3f135f2e0
RSP=0x000000cb8defddc8 points into unknown readable memory: 0x00007fffb69f440b | 0b 44 9f b6 ff 7f 00 00
RBP=0x000000cb8defdfa0 points into unknown readable memory: 0x000002c300000000 | 00 00 00 00 c3 02 00 00
RSI=0x000000cb8defe170 points into unknown readable memory: 0x000000cb8edfdb88 | 88 db df 8e cb 00 00 00
RDI=0x000000cb8edfdb90 is pointing into the stack for thread: 0x000002c3f135f2e0
R8 =0x000002c45272d07f is an unknown value
R9 =0x000000cb8edfdb90 is pointing into the stack for thread: 0x000002c3f135f2e0
R10=0x000002c39e470000 points into unknown readable memory: 0x0000000000000006 | 06 00 00 00 00 00 00 00
R11=0x000000cb8defe018 points into unknown readable memory: 0x00007fffb69b29ad | ad 29 9b b6 ff 7f 00 00
R12=0x000002c3a9544140 is pointing into metadata
R13=0x000000cb8edfdb90 is pointing into the stack for thread: 0x000002c3f135f2e0
R14=0x000002c3f0e62000 points into unknown readable memory: 0x00007fffb70c1878 | 78 18 0c b7 ff 7f 00 00
R15=0x000002c45272d07f is an unknown value

Top of Stack: (sp=0x000000cb8defddc8)
0x000000cb8defddc8:   00007fffb69f440b 0000006d096b4601
0x000000cb8defddd8:   00007fffb6d37013 000000000000012f
0x000000cb8defdde8:   00007fffb6d572ef 000000000000012f
0x000000cb8defddf8:   0000000000000013 000002c39e629590
0x000000cb8defde08:   00007fffb6e316c1 000002c395e31120
0x000000cb8defde18:   0000000000000008 000002c3f0e26fa8
0x000000cb8defde28:   0000000000000000 000002c395da8460
0x000000cb8defde38:   000002c395db7970 000002c3a9544140
0x000000cb8defde48:   000000cb8edfdb90 000000cb8defe170
0x000000cb8defde58:   000000cb8defdfa0 000002c3f0e26fa8
0x000000cb8defde68:   00007fffb6a02a14 000000cb8defdf30
0x000000cb8defde78:   000000cb8defe170 000002c3a9480090
0x000000cb8defde88:   0000000000000000 000002c3f0e26fa8
0x000000cb8defde98:   00007fffb69b2f5b 0000000000000001
0x000000cb8defdea8:   000002c3a90b6430 000002c3f0e26fa8
0x000000cb8defdeb8:   000000cb8defe170 0000000f9e629501
0x000000cb8defdec8:   000002c3a90b6430 000002c395e0f4a0
0x000000cb8defded8:   000002c300000003 00000000000003d8
0x000000cb8defdee8:   000002c395db7980 000002c395db7d58
0x000000cb8defdef8:   000002c3a972d07f 000002c3000000b8
0x000000cb8defdf08:   000002c3a90b6430 00007fffb70b8fa0
0x000000cb8defdf18:   000000cb8defe170 000002c3f0e26fa8
0x000000cb8defdf28:   0000000400000003 000002c3a9544140
0x000000cb8defdf38:   0000001300000001 0000000000000032
0x000000cb8defdf48:   000000010000000c 000002c3a9480090
0x000000cb8defdf58:   0000000000000000 000002c39e629590
0x000000cb8defdf68:   0000b8b6155ab5be 00007fffb6ef4c70
0x000000cb8defdf78:   000000cb8defe000 00000000000003d8
0x000000cb8defdf88:   000002c395db7d58 000002c3a9017600
0x000000cb8defdf98:   000000069e620013 000002c300000000
0x000000cb8defdfa8:   0000000000000015 000002c3f0e26fa8
0x000000cb8defdfb8:   00007fffb6a02a6e 0000000000000000 

Instructions: (pc=0x00007fffb66ac1a6)
0x00007fffb66ac0a6:   48 8b 05 c3 32 cc 00 48 8b 48 60 48 8b 04 d1 48
0x00007fffb66ac0b6:   85 c0 75 08 48 8b 05 b7 32 cc 00 c3 48 8b 05 a7
0x00007fffb66ac0c6:   32 cc 00 c3 cc cc cc cc cc cc 8b 05 e2 0e c1 00
0x00007fffb66ac0d6:   c3 cc cc cc cc cc cc cc cc cc 0f b6 05 33 25 c1
0x00007fffb66ac0e6:   00 48 8b d1 84 c0 74 16 44 8b 41 08 8b 0d c0 0e
0x00007fffb66ac0f6:   c1 00 49 d3 e0 4c 03 05 ae 0e c1 00 eb 04 4c 8b
0x00007fffb66ac106:   41 08 45 8b 48 08 45 85 c9 7e 0e 41 f6 c1 01 75
0x00007fffb66ac116:   53 41 c1 f9 03 49 63 c1 c3 79 49 84 c0 41 b8 0c
0x00007fffb66ac126:   00 00 00 8b 05 f9 1f c1 00 b9 10 00 00 00 41 0f
0x00007fffb66ac136:   45 c8 ff c8 4c 63 c0 41 8b c1 48 c1 f8 10 0f b6
0x00007fffb66ac146:   c0 48 63 14 11 41 8b c9 83 e1 3f 48 d3 e2 49 8d
0x00007fffb66ac156:   0c 10 49 f7 d0 48 03 c1 49 c1 e8 03 48 c1 e8 03
0x00007fffb66ac166:   49 23 c0 c3 49 8b 00 49 8b c8 48 ff a0 00 01 00
0x00007fffb66ac176:   00 cc cc cc cc cc cc cc cc cc 8b 44 24 30 45 03
0x00007fffb66ac186:   c9 44 2b 4c 24 28 83 c0 0b 44 03 ca 45 03 c8 41
0x00007fffb66ac196:   03 c1 c3 cc cc cc cc cc cc cc 4c 8b c2 48 8b d1
0x00007fffb66ac1a6:   45 8b 48 08 45 85 c9 7e 0e 41 f6 c1 01 75 56 41
0x00007fffb66ac1b6:   c1 f9 03 49 63 c1 c3 79 4c 80 3d 54 24 c1 00 00
0x00007fffb66ac1c6:   b8 0c 00 00 00 b9 10 00 00 00 0f 45 c8 8b 05 4f
0x00007fffb66ac1d6:   1f c1 00 ff c8 4c 63 c0 41 8b c1 48 c1 f8 10 48
0x00007fffb66ac1e6:   63 14 11 41 8b c9 83 e1 3f 0f b6 c0 48 d3 e2 49
0x00007fffb66ac1f6:   8d 0c 10 49 f7 d0 48 03 c1 49 c1 e8 03 48 c1 e8
0x00007fffb66ac206:   03 49 23 c0 c3 49 8b 00 49 8b c8 48 ff a0 00 01
0x00007fffb66ac216:   00 00 cc cc cc cc cc cc cc cc 48 8b 41 08 0f b7
0x00007fffb66ac226:   48 2c 0f b7 40 2a 83 c0 48 03 c1 c3 cc cc cc cc
0x00007fffb66ac236:   cc cc cc cc cc cc cc cc cc cc 48 89 5c 24 08 57
0x00007fffb66ac246:   48 83 ec 20 0f b6 05 6f 1a cc 00 48 8b fa 48 8b
0x00007fffb66ac256:   d9 84 c0 74 4f 48 85 15 16 12 cc 00 74 38 48 8b
0x00007fffb66ac266:   ca e8 a4 6b 8c 00 48 8b d0 48 85 db 74 25 48 85
0x00007fffb66ac276:   c0 74 20 48 8b c7 f0 48 0f b1 13 74 16 48 85 05
0x00007fffb66ac286:   ee 11 cc 00 74 0d 48 8b c8 f0 48 0f b1 13 48 3b
0x00007fffb66ac296:   c1 75 ea 48 8b fa 48 8b c7 48 8b 5c 24 30 48 83 


Stack slot to memory mapping:

stack at sp + 0 slots: 0x00007fffb69f440b jvm.dll
stack at sp + 1 slots: 0x0000006d096b4601 is an unknown value
stack at sp + 2 slots: 0x00007fffb6d37013 jvm.dll
stack at sp + 3 slots: 0x000000000000012f is an unknown value
stack at sp + 4 slots: 0x00007fffb6d572ef jvm.dll
stack at sp + 5 slots: 0x000000000000012f is an unknown value
stack at sp + 6 slots: 0x0000000000000013 is an unknown value
stack at sp + 7 slots: 0x000002c39e629590 is at entry_point+-528 in (nmethod*)0x000002c39e629590
Compiled method (c1) 3542244 6064   !   1       java.util.concurrent.ThreadPoolExecutor::getTask (177 bytes)
 total in heap  [0x000002c39e629590,0x000002c39e629f68] = 2520
 relocation     [0x000002c39e6296f0,0x000002c39e629788] = 152
 main code      [0x000002c39e6297a0,0x000002c39e629c70] = 1232
 stub code      [0x000002c39e629c70,0x000002c39e629ce8] = 120
 metadata       [0x000002c39e629ce8,0x000002c39e629d40] = 88
 scopes data    [0x000002c39e629d40,0x000002c39e629e00] = 192
 scopes pcs     [0x000002c39e629e00,0x000002c39e629ed0] = 208
 dependencies   [0x000002c39e629ed0,0x000002c39e629ee8] = 24
 handler table  [0x000002c39e629ee8,0x000002c39e629f48] = 96
 nul chk table  [0x000002c39e629f48,0x000002c39e629f68] = 32


---------------  P R O C E S S  ---------------

Threads class SMR info:
_java_thread_list=0x000002c3f18e0480, length=27, elements={
0x000002c3a866f9c0, 0x000002c3a8670fd0, 0x000002c3a8675f90, 0x000002c3a86769f0,
0x000002c3a8679f60, 0x000002c3a867efb0, 0x000002c3a86811c0, 0x000002c3a863da20,
0x000002c3a889b000, 0x000002c3a88b85d0, 0x000002c3a88bac60, 0x000002c3ee1da630,
0x000002c3ee3d9e00, 0x000002c3ee3ec470, 0x000002c3ee458120, 0x000002c3eea80690,
0x000002c3eeaaf250, 0x000002c3eead99e0, 0x000002c3eeadbab0, 0x000002c3f135be60,
0x000002c3f135a420, 0x000002c3f1359d90, 0x000002c3f135f2e0, 0x000002c3f135b7d0,
0x000002c3f135e5c0, 0x000002c3f1360000, 0x000002c3f1359700
}

Java Threads: ( => current thread )
  0x000002c3a866f9c0 JavaThread "Reference Handler"          daemon [_thread_blocked, id=3416, stack(0x000000cb8e500000,0x000000cb8e600000) (1024K)]
  0x000002c3a8670fd0 JavaThread "Finalizer"                  daemon [_thread_blocked, id=15276, stack(0x000000cb8e600000,0x000000cb8e700000) (1024K)]
  0x000002c3a8675f90 JavaThread "Signal Dispatcher"          daemon [_thread_blocked, id=16028, stack(0x000000cb8e700000,0x000000cb8e800000) (1024K)]
  0x000002c3a86769f0 JavaThread "Attach Listener"            daemon [_thread_blocked, id=9048, stack(0x000000cb8e800000,0x000000cb8e900000) (1024K)]
  0x000002c3a8679f60 JavaThread "Service Thread"             daemon [_thread_blocked, id=16532, stack(0x000000cb8e900000,0x000000cb8ea00000) (1024K)]
  0x000002c3a867efb0 JavaThread "Monitor Deflation Thread"   daemon [_thread_blocked, id=7752, stack(0x000000cb8ea00000,0x000000cb8eb00000) (1024K)]
  0x000002c3a86811c0 JavaThread "C1 CompilerThread0"         daemon [_thread_blocked, id=4864, stack(0x000000cb8eb00000,0x000000cb8ec00000) (1024K)]
  0x000002c3a863da20 JavaThread "Common-Cleaner"             daemon [_thread_blocked, id=7604, stack(0x000000cb8ec00000,0x000000cb8ed00000) (1024K)]
  0x000002c3a889b000 JavaThread "JDWP Transport Listener: dt_socket" daemon [_thread_blocked, id=14516, stack(0x000000cb8ee00000,0x000000cb8ef00000) (1024K)]
  0x000002c3a88b85d0 JavaThread "JDWP Event Helper Thread"   daemon [_thread_blocked, id=10052, stack(0x000000cb8ef00000,0x000000cb8f000000) (1024K)]
  0x000002c3a88bac60 JavaThread "JDWP Command Reader"        daemon [_thread_in_native, id=15756, stack(0x000000cb8f000000,0x000000cb8f100000) (1024K)]
  0x000002c3ee1da630 JavaThread "Notification Thread"        daemon [_thread_blocked, id=15664, stack(0x000000cb8f100000,0x000000cb8f200000) (1024K)]
  0x000002c3ee3d9e00 JavaThread "RMI TCP Accept-0"           daemon [_thread_in_native, id=8924, stack(0x000000cb8f600000,0x000000cb8f700000) (1024K)]
  0x000002c3ee3ec470 JavaThread "RMI TCP Accept-65089"       daemon [_thread_in_native, id=12192, stack(0x000000cb8f700000,0x000000cb8f800000) (1024K)]
  0x000002c3ee458120 JavaThread "RMI TCP Accept-0"           daemon [_thread_in_native, id=16720, stack(0x000000cb8f800000,0x000000cb8f900000) (1024K)]
  0x000002c3eea80690 JavaThread "RMI Scheduler(0)"           daemon [_thread_blocked, id=10960, stack(0x000000cb8fc00000,0x000000cb8fd00000) (1024K)]
  0x000002c3eeaaf250 JavaThread "RMI TCP Connection(73)-127.0.0.1" daemon [_thread_blocked, id=8896, stack(0x000000cb8fd00000,0x000000cb8fe00000) (1024K)]
  0x000002c3eead99e0 JavaThread "JMX server connection timeout 36" daemon [_thread_blocked, id=11744, stack(0x000000cb8fe00000,0x000000cb8ff00000) (1024K)]
  0x000002c3eeadbab0 JavaThread "mysql-cj-abandoned-connection-cleanup" daemon [_thread_blocked, id=14648, stack(0x000000cb90200000,0x000000cb90300000) (1024K)]
  0x000002c3f135be60 JavaThread "Live Reload Server"         daemon [_thread_in_native, id=15012, stack(0x000000cb90800000,0x000000cb90900000) (1024K)]
  0x000002c3f135a420 JavaThread "DestroyJavaVM"                     [_thread_blocked, id=2152, stack(0x000000cb8dd00000,0x000000cb8de00000) (1024K)]
  0x000002c3f1359d90 JavaThread "Thread-11"                         [_thread_blocked, id=10568, stack(0x000000cb8da00000,0x000000cb8db00000) (1024K)]
  0x000002c3f135f2e0 JavaThread "restartedMain"                     [_thread_blocked, id=8256, stack(0x000000cb8ed00000,0x000000cb8ee00000) (1024K)]
  0x000002c3f135b7d0 JavaThread "Catalina-utility-1"                [_thread_blocked, id=10972, stack(0x000000cb8db00000,0x000000cb8dc00000) (1024K)]
  0x000002c3f135e5c0 JavaThread "Catalina-utility-2"                [_thread_blocked, id=10304, stack(0x000000cb8f500000,0x000000cb8f600000) (1024K)]
  0x000002c3f1360000 JavaThread "container-0"                       [_thread_blocked, id=18292, stack(0x000000cb8f900000,0x000000cb8fa00000) (1024K)]
  0x000002c3f1359700 JavaThread "HikariPool-4 housekeeper"   daemon [_thread_blocked, id=10044, stack(0x000000cb8fa00000,0x000000cb8fb00000) (1024K)]
Total: 27

Other Threads:
  0x000002c3a8651930 VMThread "VM Thread"                           [id=1960, stack(0x000000cb8e400000,0x000000cb8e500000) (1024K)]
  0x000002c3a863ba80 WatcherThread "VM Periodic Task Thread"        [id=7540, stack(0x000000cb8e300000,0x000000cb8e400000) (1024K)]
=>0x000002c395e0f4a0 WorkerThread "GC Thread#0"                     [id=15272, stack(0x000000cb8de00000,0x000000cb8df00000) (1024K)]
  0x000002c3ee218f90 WorkerThread "GC Thread#1"                     [id=5452, stack(0x000000cb8f200000,0x000000cb8f300000) (1024K)]
  0x000002c3ee219330 WorkerThread "GC Thread#2"                     [id=17388, stack(0x000000cb8f300000,0x000000cb8f400000) (1024K)]
  0x000002c3ee21b6e0 WorkerThread "GC Thread#3"                     [id=1496, stack(0x000000cb8f400000,0x000000cb8f500000) (1024K)]
  0x000002c393cedf50 ConcurrentGCThread "G1 Main Marker"            [id=16024, stack(0x000000cb8df00000,0x000000cb8e000000) (1024K)]
  0x000002c393cee960 WorkerThread "G1 Conc#0"                       [id=16708, stack(0x000000cb8e000000,0x000000cb8e100000) (1024K)]
  0x000002c395e5e030 ConcurrentGCThread "G1 Refine#0"               [id=10828, stack(0x000000cb8e100000,0x000000cb8e200000) (1024K)]
  0x000002c3a850e540 ConcurrentGCThread "G1 Service"                [id=9236, stack(0x000000cb8e200000,0x000000cb8e300000) (1024K)]
Total: 10

Threads with active compile tasks:
Total: 0

VM state: at safepoint (normal execution)

VM Mutex/Monitor currently owned by a thread:  ([mutex/lock_event])
[0x00007fffb7342128] Threads_lock - owner thread: 0x000002c3a8651930
[0x00007fffb7342228] Heap_lock - owner thread: 0x000002c3eeaaf250

Heap address: 0x0000000702400000, size: 4060 MB, Compressed Oops mode: Zero based, Oop shift amount: 3

CDS archive(s) mapped at: [0x000002c3a9000000-0x000002c3a9c90000-0x000002c3a9c90000), size 13172736, SharedBaseAddress: 0x000002c3a9000000, ArchiveRelocationMode: 1.
Compressed class space mapped at: 0x000002c3aa000000-0x000002c3ea000000, reserved size: 1073741824
Narrow klass base: 0x000002c3a9000000, Narrow klass shift: 0, Narrow klass range: 0x100000000

GC Precious Log:
 CardTable entry size: 512
 Card Set container configuration: InlinePtr #cards 4 size 8 Array Of Cards #cards 16 size 48 Howl #buckets 8 coarsen threshold 3686 Howl Bitmap #cards 512 size 80 coarsen threshold 460 Card regions per heap region 1 cards per card region 4096
 CPUs: 4 total, 4 available
 Memory: 16238M
 Large Page Support: Disabled
 NUMA Support: Disabled
 Compressed Oops: Enabled (Zero based)
 Heap Region Size: 2M
 Heap Min Capacity: 8M
 Heap Initial Capacity: 254M
 Heap Max Capacity: 4060M
 Pre-touch: Disabled
 Parallel Workers: 4
 Concurrent Workers: 1
 Concurrent Refinement Workers: 4
 Periodic GC: Disabled

Heap:
 garbage-first heap   total 96256K, used 81077K [0x0000000702400000, 0x0000000800000000)
  region size 2048K, 29 young (59392K), 3 survivors (6144K)
 Metaspace       used 74941K, committed 75648K, reserved 1114112K
  class space    used 10363K, committed 10752K, reserved 1048576K

Heap Regions: E=young(eden), S=young(survivor), O=old, HS=humongous(starts), HC=humongous(continues), CS=collection set, F=free, TAMS=top-at-mark-start, PB=parsable bottom
|   0|0x0000000702400000, 0x0000000702600000, 0x0000000702600000|100%| O|  |TAMS 0x0000000702400000| PB 0x0000000702400000| Untracked 
|   1|0x0000000702600000, 0x0000000702800000, 0x0000000702800000|100%| O|  |TAMS 0x0000000702600000| PB 0x0000000702600000| Untracked 
|   2|0x0000000702800000, 0x00000007029fffe8, 0x0000000702a00000| 99%| O|  |TAMS 0x0000000702800000| PB 0x0000000702800000| Untracked 
|   3|0x0000000702a00000, 0x0000000702bffff8, 0x0000000702c00000| 99%| O|  |TAMS 0x0000000702a00000| PB 0x0000000702a00000| Untracked 
|   4|0x0000000702c00000, 0x0000000702dfffd0, 0x0000000702e00000| 99%| O|  |TAMS 0x0000000702c00000| PB 0x0000000702c00000| Untracked 
|   5|0x0000000702e00000, 0x0000000703000000, 0x0000000703000000|100%| O|  |TAMS 0x0000000702e00000| PB 0x0000000702e00000| Untracked 
|   6|0x0000000703000000, 0x00000007031f6c50, 0x0000000703200000| 98%| O|  |TAMS 0x0000000703000000| PB 0x0000000703000000| Untracked 
|   7|0x0000000703200000, 0x00000007033fffc0, 0x0000000703400000| 99%| O|  |TAMS 0x0000000703200000| PB 0x0000000703200000| Untracked 
|   8|0x0000000703400000, 0x00000007035fef18, 0x0000000703600000| 99%| O|  |TAMS 0x0000000703400000| PB 0x0000000703400000| Untracked 
|   9|0x0000000703600000, 0x0000000703800000, 0x0000000703800000|100%| O|  |TAMS 0x0000000703600000| PB 0x0000000703600000| Untracked 
|  10|0x0000000703800000, 0x00000007039ffff0, 0x0000000703a00000| 99%| O|  |TAMS 0x0000000703800000| PB 0x0000000703800000| Untracked 
|  11|0x0000000703a00000, 0x0000000703bfde88, 0x0000000703c00000| 99%| O|  |TAMS 0x0000000703a00000| PB 0x0000000703a00000| Untracked 
|  12|0x0000000703c00000, 0x0000000703d16498, 0x0000000703e00000| 54%| O|  |TAMS 0x0000000703c00000| PB 0x0000000703c00000| Untracked 
|  13|0x0000000703e00000, 0x0000000703f73658, 0x0000000704000000| 72%| O|  |TAMS 0x0000000703e00000| PB 0x0000000703e00000| Untracked 
|  14|0x0000000704000000, 0x00000007040b0170, 0x0000000704200000| 34%| O|  |TAMS 0x0000000704000000| PB 0x0000000704000000| Untracked 
|  15|0x0000000704200000, 0x0000000704200000, 0x0000000704400000|  0%| F|  |TAMS 0x0000000704200000| PB 0x0000000704200000| Untracked 
|  16|0x0000000704400000, 0x0000000704400000, 0x0000000704600000|  0%| F|  |TAMS 0x0000000704400000| PB 0x0000000704400000| Untracked 
|  17|0x0000000704600000, 0x0000000704600000, 0x0000000704800000|  0%| F|  |TAMS 0x0000000704600000| PB 0x0000000704600000| Untracked 
|  18|0x0000000704800000, 0x00000007048ae9d8, 0x0000000704a00000| 34%| S|  |TAMS 0x0000000704800000| PB 0x0000000704800000| Complete 
|  19|0x0000000704a00000, 0x0000000704c00000, 0x0000000704c00000|100%| S|  |TAMS 0x0000000704a00000| PB 0x0000000704a00000| Complete 
|  20|0x0000000704c00000, 0x0000000704e00000, 0x0000000704e00000|100%| S|  |TAMS 0x0000000704c00000| PB 0x0000000704c00000| Complete 
|  21|0x0000000704e00000, 0x0000000705000000, 0x0000000705000000|100%| E|CS|TAMS 0x0000000704e00000| PB 0x0000000704e00000| Complete 
|  22|0x0000000705000000, 0x0000000705200000, 0x0000000705200000|100%| E|CS|TAMS 0x0000000705000000| PB 0x0000000705000000| Complete 
|  23|0x0000000705200000, 0x0000000705400000, 0x0000000705400000|100%| E|CS|TAMS 0x0000000705200000| PB 0x0000000705200000| Complete 
|  24|0x0000000705400000, 0x0000000705600000, 0x0000000705600000|100%| E|CS|TAMS 0x0000000705400000| PB 0x0000000705400000| Complete 
|  25|0x0000000705600000, 0x0000000705800000, 0x0000000705800000|100%| E|CS|TAMS 0x0000000705600000| PB 0x0000000705600000| Complete 
|  26|0x0000000705800000, 0x0000000705a00000, 0x0000000705a00000|100%| E|CS|TAMS 0x0000000705800000| PB 0x0000000705800000| Complete 
|  27|0x0000000705a00000, 0x0000000705c00000, 0x0000000705c00000|100%| E|CS|TAMS 0x0000000705a00000| PB 0x0000000705a00000| Complete 
|  28|0x0000000705c00000, 0x0000000705e00000, 0x0000000705e00000|100%| E|CS|TAMS 0x0000000705c00000| PB 0x0000000705c00000| Complete 
|  29|0x0000000705e00000, 0x0000000706000000, 0x0000000706000000|100%| E|CS|TAMS 0x0000000705e00000| PB 0x0000000705e00000| Complete 
|  30|0x0000000706000000, 0x0000000706200000, 0x0000000706200000|100%| E|CS|TAMS 0x0000000706000000| PB 0x0000000706000000| Complete 
|  31|0x0000000706200000, 0x0000000706400000, 0x0000000706400000|100%| E|CS|TAMS 0x0000000706200000| PB 0x0000000706200000| Complete 
|  32|0x0000000706400000, 0x0000000706600000, 0x0000000706600000|100%| E|CS|TAMS 0x0000000706400000| PB 0x0000000706400000| Complete 
|  33|0x0000000706600000, 0x0000000706800000, 0x0000000706800000|100%| E|CS|TAMS 0x0000000706600000| PB 0x0000000706600000| Complete 
|  34|0x0000000706800000, 0x0000000706a00000, 0x0000000706a00000|100%| E|CS|TAMS 0x0000000706800000| PB 0x0000000706800000| Complete 
|  35|0x0000000706a00000, 0x0000000706c00000, 0x0000000706c00000|100%| E|CS|TAMS 0x0000000706a00000| PB 0x0000000706a00000| Complete 
|  36|0x0000000706c00000, 0x0000000706e00000, 0x0000000706e00000|100%| E|CS|TAMS 0x0000000706c00000| PB 0x0000000706c00000| Complete 
|  37|0x0000000706e00000, 0x0000000707000000, 0x0000000707000000|100%| E|CS|TAMS 0x0000000706e00000| PB 0x0000000706e00000| Complete 
|  38|0x0000000707000000, 0x0000000707200000, 0x0000000707200000|100%| E|CS|TAMS 0x0000000707000000| PB 0x0000000707000000| Complete 
|  39|0x0000000707200000, 0x0000000707400000, 0x0000000707400000|100%| E|CS|TAMS 0x0000000707200000| PB 0x0000000707200000| Complete 
|  40|0x0000000707400000, 0x0000000707600000, 0x0000000707600000|100%| E|CS|TAMS 0x0000000707400000| PB 0x0000000707400000| Complete 
|  41|0x0000000707600000, 0x0000000707800000, 0x0000000707800000|100%| E|CS|TAMS 0x0000000707600000| PB 0x0000000707600000| Complete 
|  42|0x0000000707800000, 0x0000000707a00000, 0x0000000707a00000|100%| E|CS|TAMS 0x0000000707800000| PB 0x0000000707800000| Complete 
|  43|0x0000000707a00000, 0x0000000707c00000, 0x0000000707c00000|100%| E|CS|TAMS 0x0000000707a00000| PB 0x0000000707a00000| Complete 
| 102|0x000000070f000000, 0x000000070f200000, 0x000000070f200000|100%| E|CS|TAMS 0x000000070f000000| PB 0x000000070f000000| Complete 
| 103|0x000000070f200000, 0x000000070f400000, 0x000000070f400000|100%| E|CS|TAMS 0x000000070f200000| PB 0x000000070f200000| Complete 
| 104|0x000000070f400000, 0x000000070f600000, 0x000000070f600000|100%| E|CS|TAMS 0x000000070f400000| PB 0x000000070f400000| Complete 

Card table byte_map: [0x000002c3a1c60000,0x000002c3a2450000] _byte_map_base: 0x000002c39e44e000

Marking Bits: (CMBitMap*) 0x000002c395e0fab0
 Bits: [0x000002c3a2450000, 0x000002c3a63c0000)

Polling page: 0x000002c393b80000

Metaspace:

Usage:
  Non-class:     63.06 MB used.
      Class:     10.12 MB used.
       Both:     73.18 MB used.

Virtual space:
  Non-class space:       64.00 MB reserved,      63.38 MB (>99%) committed,  1 nodes.
      Class space:        1.00 GB reserved,      10.50 MB (  1%) committed,  1 nodes.
             Both:        1.06 GB reserved,      73.88 MB (  7%) committed. 

Chunk freelists:
   Non-Class:  16.00 KB
       Class:  5.50 MB
        Both:  5.51 MB

MaxMetaspaceSize: unlimited
CompressedClassSpaceSize: 1.00 GB
Initial GC threshold: 21.00 MB
Current GC threshold: 122.81 MB
CDS: on
 - commit_granule_bytes: 65536.
 - commit_granule_words: 8192.
 - virtual_space_node_default_size: 8388608.
 - enlarge_chunks_in_place: 1.
 - use_allocation_guard: 0.


Internal statistics:

num_allocs_failed_limit: 15.
num_arena_births: 1368.
num_arena_deaths: 514.
num_vsnodes_births: 2.
num_vsnodes_deaths: 0.
num_space_committed: 1182.
num_space_uncommitted: 0.
num_chunks_returned_to_freelist: 586.
num_chunks_taken_from_freelist: 4020.
num_chunk_merges: 147.
num_chunk_splits: 2810.
num_chunks_enlarged: 2199.
num_inconsistent_stats: 0.

CodeCache: size=49152Kb used=14827Kb max_used=15495Kb free=34324Kb
 bounds [0x000002c39e470000, 0x000002c39f3f0000, 0x000002c3a1470000]
 total_blobs=7997 nmethods=7244 adapters=677
 compilation: enabled
              stopped_count=0, restarted_count=0
 full_count=0

Compilation events (20 events):
Event: 3499.862 Thread 0x000002c3a86811c0 8461       1       com.mysql.cj.protocol.a.TimeTrackingPacketSender::send (28 bytes)
Event: 3499.863 Thread 0x000002c3a86811c0 nmethod 8461 0x000002c39f2c9890 code [0x000002c39f2c9a40, 0x000002c39f2c9b88]
Event: 3499.904 Thread 0x000002c3a86811c0 8462       1       java.lang.invoke.VarHandleGuards::guard_LII_Z (86 bytes)
Event: 3499.905 Thread 0x000002c3a86811c0 nmethod 8462 0x000002c39f2c8210 code [0x000002c39f2c84c0, 0x000002c39f2c8f20]
Event: 3500.063 Thread 0x000002c3a86811c0 8464  s    1       java.util.Properties::remove (9 bytes)
Event: 3500.064 Thread 0x000002c3a86811c0 nmethod 8464 0x000002c39f2c7d90 code [0x000002c39f2c7f40, 0x000002c39f2c8120]
Event: 3500.064 Thread 0x000002c3a86811c0 8465       1       java.net.InetSocketAddress::getAddress (8 bytes)
Event: 3500.064 Thread 0x000002c3a86811c0 nmethod 8465 0x000002c39f2c7a90 code [0x000002c39f2c7c20, 0x000002c39f2c7cf8]
Event: 3500.086 Thread 0x000002c3a86811c0 8466       1       com.mysql.cj.telemetry.TelemetryHandler::getContextPropagationKey (3 bytes)
Event: 3500.086 Thread 0x000002c3a86811c0 nmethod 8466 0x000002c39f2c7790 code [0x000002c39f2c7920, 0x000002c39f2c79f0]
Event: 3500.364 Thread 0x000002c3a86811c0 8467       1       java.math.MutableBigInteger::divideKnuth (8 bytes)
Event: 3500.365 Thread 0x000002c3a86811c0 nmethod 8467 0x000002c39f2c7410 code [0x000002c39f2c75c0, 0x000002c39f2c76d0]
Event: 3500.365 Thread 0x000002c3a86811c0 8468       1       java.math.MutableBigInteger::toBigInteger (28 bytes)
Event: 3500.366 Thread 0x000002c3a86811c0 nmethod 8468 0x000002c39f2c6f90 code [0x000002c39f2c7140, 0x000002c39f2c7318]
Event: 3500.377 Thread 0x000002c3a86811c0 8469       1       sun.security.util.DisabledAlgorithmConstraints$KeySizeConstraint::permitsImpl (65 bytes)
Event: 3500.378 Thread 0x000002c3a86811c0 nmethod 8469 0x000002c39f2c6a10 code [0x000002c39f2c6be0, 0x000002c39f2c6e48]
Event: 3500.378 Thread 0x000002c3a86811c0 8470   !   1       sun.security.util.KeyUtil::getKeySize (379 bytes)
Event: 3500.380 Thread 0x000002c3a86811c0 nmethod 8470 0x000002c39f2c5090 code [0x000002c39f2c53c0, 0x000002c39f2c6180]
Event: 3500.380 Thread 0x000002c3a86811c0 8471       1       sun.security.provider.SHA2::<init> (26 bytes)
Event: 3500.381 Thread 0x000002c3a86811c0 nmethod 8471 0x000002c39f2c4990 code [0x000002c39f2c4b40, 0x000002c39f2c4f90]

GC Heap History (20 events):
Event: 6.784 GC heap after
{Heap after GC invocations=18 (full 0):
 garbage-first heap   total 102400K, used 26431K [0x0000000702400000, 0x0000000800000000)
  region size 2048K, 2 young (4096K), 2 survivors (4096K)
 Metaspace       used 59367K, committed 60032K, reserved 1114112K
  class space    used 8206K, committed 8512K, reserved 1048576K
}
Event: 6.819 GC heap before
{Heap before GC invocations=18 (full 0):
 garbage-first heap   total 102400K, used 30527K [0x0000000702400000, 0x0000000800000000)
  region size 2048K, 5 young (10240K), 2 survivors (4096K)
 Metaspace       used 59961K, committed 60608K, reserved 1114112K
  class space    used 8285K, committed 8576K, reserved 1048576K
}
Event: 6.823 GC heap after
{Heap after GC invocations=19 (full 0):
 garbage-first heap   total 102400K, used 26598K [0x0000000702400000, 0x0000000800000000)
  region size 2048K, 2 young (4096K), 2 survivors (4096K)
 Metaspace       used 59961K, committed 60608K, reserved 1114112K
  class space    used 8285K, committed 8576K, reserved 1048576K
}
Event: 7.632 GC heap before
{Heap before GC invocations=20 (full 0):
 garbage-first heap   total 102400K, used 83942K [0x0000000702400000, 0x0000000800000000)
  region size 2048K, 30 young (61440K), 2 survivors (4096K)
 Metaspace       used 65066K, committed 65792K, reserved 1114112K
  class space    used 9024K, committed 9344K, reserved 1048576K
}
Event: 7.638 GC heap after
{Heap after GC invocations=21 (full 0):
 garbage-first heap   total 102400K, used 29105K [0x0000000702400000, 0x0000000800000000)
  region size 2048K, 3 young (6144K), 3 survivors (6144K)
 Metaspace       used 65066K, committed 65792K, reserved 1114112K
  class space    used 9024K, committed 9344K, reserved 1048576K
}
Event: 8.317 GC heap before
{Heap before GC invocations=21 (full 0):
 garbage-first heap   total 102400K, used 84401K [0x0000000702400000, 0x0000000800000000)
  region size 2048K, 30 young (61440K), 3 survivors (6144K)
 Metaspace       used 68889K, committed 69632K, reserved 1114112K
  class space    used 9599K, committed 9920K, reserved 1048576K
}
Event: 8.330 GC heap after
{Heap after GC invocations=22 (full 0):
 garbage-first heap   total 102400K, used 32589K [0x0000000702400000, 0x0000000800000000)
  region size 2048K, 4 young (8192K), 4 survivors (8192K)
 Metaspace       used 68889K, committed 69632K, reserved 1114112K
  class space    used 9599K, committed 9920K, reserved 1048576K
}
Event: 213.723 GC heap before
{Heap before GC invocations=22 (full 0):
 garbage-first heap   total 102400K, used 83789K [0x0000000702400000, 0x0000000800000000)
  region size 2048K, 30 young (61440K), 4 survivors (8192K)
 Metaspace       used 73447K, committed 74240K, reserved 1114112K
  class space    used 10214K, committed 10560K, reserved 1048576K
}
Event: 213.734 GC heap after
{Heap after GC invocations=23 (full 0):
 garbage-first heap   total 102400K, used 34376K [0x0000000702400000, 0x0000000800000000)
  region size 2048K, 3 young (6144K), 3 survivors (6144K)
 Metaspace       used 73447K, committed 74240K, reserved 1114112K
  class space    used 10214K, committed 10560K, reserved 1048576K
}
Event: 1512.639 GC heap before
{Heap before GC invocations=23 (full 0):
 garbage-first heap   total 102400K, used 65096K [0x0000000702400000, 0x0000000800000000)
  region size 2048K, 20 young (40960K), 3 survivors (6144K)
 Metaspace       used 74659K, committed 75456K, reserved 1114112K
  class space    used 10373K, committed 10752K, reserved 1048576K
}
Event: 1512.688 GC heap after
{Heap after GC invocations=24 (full 1):
 garbage-first heap   total 96256K, used 25920K [0x0000000702400000, 0x0000000800000000)
  region size 2048K, 0 young (0K), 0 survivors (0K)
 Metaspace       used 74280K, committed 75456K, reserved 1114112K
  class space    used 10276K, committed 10752K, reserved 1048576K
}
Event: 1515.679 GC heap before
{Heap before GC invocations=24 (full 1):
 garbage-first heap   total 96256K, used 81216K [0x0000000702400000, 0x0000000800000000)
  region size 2048K, 28 young (57344K), 0 survivors (0K)
 Metaspace       used 74624K, committed 75520K, reserved 1114112K
  class space    used 10333K, committed 10752K, reserved 1048576K
}
Event: 1515.687 GC heap after
{Heap after GC invocations=25 (full 1):
 garbage-first heap   total 96256K, used 32915K [0x0000000702400000, 0x0000000800000000)
  region size 2048K, 4 young (8192K), 4 survivors (8192K)
 Metaspace       used 74624K, committed 75520K, reserved 1114112K
  class space    used 10333K, committed 10752K, reserved 1048576K
}
Event: 1568.537 GC heap before
{Heap before GC invocations=25 (full 1):
 garbage-first heap   total 96256K, used 51347K [0x0000000702400000, 0x0000000800000000)
  region size 2048K, 14 young (28672K), 4 survivors (8192K)
 Metaspace       used 74737K, committed 75520K, reserved 1114112K
  class space    used 10355K, committed 10752K, reserved 1048576K
}
Event: 1568.588 GC heap after
{Heap after GC invocations=26 (full 2):
 garbage-first heap   total 96256K, used 27420K [0x0000000702400000, 0x0000000800000000)
  region size 2048K, 0 young (0K), 0 survivors (0K)
 Metaspace       used 74616K, committed 75520K, reserved 1114112K
  class space    used 10323K, committed 10752K, reserved 1048576K
}
Event: 1569.882 GC heap before
{Heap before GC invocations=26 (full 2):
 garbage-first heap   total 96256K, used 80668K [0x0000000702400000, 0x0000000800000000)
  region size 2048K, 26 young (53248K), 0 survivors (0K)
 Metaspace       used 74843K, committed 75584K, reserved 1114112K
  class space    used 10349K, committed 10752K, reserved 1048576K
}
Event: 1569.887 GC heap after
{Heap after GC invocations=27 (full 2):
 garbage-first heap   total 96256K, used 32422K [0x0000000702400000, 0x0000000800000000)
  region size 2048K, 3 young (6144K), 3 survivors (6144K)
 Metaspace       used 74843K, committed 75584K, reserved 1114112K
  class space    used 10349K, committed 10752K, reserved 1048576K
}
Event: 1702.413 GC heap before
{Heap before GC invocations=27 (full 2):
 garbage-first heap   total 96256K, used 50854K [0x0000000702400000, 0x0000000800000000)
  region size 2048K, 13 young (26624K), 3 survivors (6144K)
 Metaspace       used 74864K, committed 75584K, reserved 1114112K
  class space    used 10351K, committed 10752K, reserved 1048576K
}
Event: 1702.469 GC heap after
{Heap after GC invocations=28 (full 3):
 garbage-first heap   total 96256K, used 27829K [0x0000000702400000, 0x0000000800000000)
  region size 2048K, 0 young (0K), 0 survivors (0K)
 Metaspace       used 74861K, committed 75584K, reserved 1114112K
  class space    used 10350K, committed 10752K, reserved 1048576K
}
Event: 3542.134 GC heap before
{Heap before GC invocations=28 (full 3):
 garbage-first heap   total 96256K, used 79029K [0x0000000702400000, 0x0000000800000000)
  region size 2048K, 26 young (53248K), 0 survivors (0K)
 Metaspace       used 74941K, committed 75648K, reserved 1114112K
  class space    used 10363K, committed 10752K, reserved 1048576K
}

Dll operation events (12 events):
Event: 0.035 Loaded shared library C:\pleiades\2024-06\java\21\bin\java.dll
Event: 0.521 Loaded shared library C:\pleiades\2024-06\java\21\bin\zip.dll
Event: 0.526 Loaded shared library C:\pleiades\2024-06\java\21\bin\instrument.dll
Event: 0.532 Loaded shared library C:\pleiades\2024-06\java\21\bin\net.dll
Event: 0.533 Loaded shared library C:\pleiades\2024-06\java\21\bin\nio.dll
Event: 0.553 Loaded shared library C:\pleiades\2024-06\java\21\bin\zip.dll
Event: 0.707 Loaded shared library C:\pleiades\2024-06\java\21\bin\jimage.dll
Event: 0.804 Loaded shared library C:\pleiades\2024-06\java\21\bin\management.dll
Event: 0.820 Loaded shared library C:\pleiades\2024-06\java\21\bin\management_ext.dll
Event: 1.046 Loaded shared library C:\pleiades\2024-06\java\21\bin\verify.dll
Event: 1.139 Loaded shared library C:\pleiades\2024-06\java\21\bin\extnet.dll
Event: 2.703 Loaded shared library C:\pleiades\2024-06\java\21\bin\sunmscapi.dll

Deoptimization events (20 events):
Event: 3474.056 Thread 0x000002c3f135cb80 DEOPT PACKING pc=0x000002c39ef62264 sp=0x000000cb8dcfe520
Event: 3474.056 Thread 0x000002c3f135cb80 DEOPT UNPACKING pc=0x000002c39e4c4e42 sp=0x000000cb8dcfda60 mode 1
Event: 3474.057 Thread 0x000002c3f135cb80 DEOPT PACKING pc=0x000002c39ef60cdc sp=0x000000cb8dcfe640
Event: 3474.057 Thread 0x000002c3f135cb80 DEOPT UNPACKING pc=0x000002c39e4c4e42 sp=0x000000cb8dcfdb88 mode 1
Event: 3474.057 Thread 0x000002c3f135cb80 DEOPT PACKING pc=0x000002c39ef5fab4 sp=0x000000cb8dcfe760
Event: 3474.058 Thread 0x000002c3f135cb80 DEOPT UNPACKING pc=0x000002c39e4c4e42 sp=0x000000cb8dcfdc08 mode 1
Event: 3474.058 Thread 0x000002c3f135cb80 DEOPT PACKING pc=0x000002c39ef5fe7c sp=0x000000cb8dcfe7c0
Event: 3474.058 Thread 0x000002c3f135cb80 DEOPT UNPACKING pc=0x000002c39e4c4e42 sp=0x000000cb8dcfdc98 mode 1
Event: 3496.348 Thread 0x000002c3f135c4f0 DEOPT PACKING pc=0x000002c39ef27bfc sp=0x000000cb8dcfe8b0
Event: 3496.348 Thread 0x000002c3f135c4f0 DEOPT UNPACKING pc=0x000002c39e4c4e42 sp=0x000000cb8dcfdd00 mode 1
Event: 3496.348 Thread 0x000002c3f135c4f0 DEOPT PACKING pc=0x000002c39ef79014 sp=0x000000cb8dcfe960
Event: 3496.348 Thread 0x000002c3f135c4f0 DEOPT UNPACKING pc=0x000002c39e4c4e42 sp=0x000000cb8dcfde18 mode 1
Event: 3496.348 Thread 0x000002c3f135c4f0 DEOPT PACKING pc=0x000002c39ef62264 sp=0x000000cb8dcfea10
Event: 3496.348 Thread 0x000002c3f135c4f0 DEOPT UNPACKING pc=0x000002c39e4c4e42 sp=0x000000cb8dcfdf50 mode 1
Event: 3496.348 Thread 0x000002c3f135c4f0 DEOPT PACKING pc=0x000002c39ef60cdc sp=0x000000cb8dcfeb30
Event: 3496.348 Thread 0x000002c3f135c4f0 DEOPT UNPACKING pc=0x000002c39e4c4e42 sp=0x000000cb8dcfe078 mode 1
Event: 3496.349 Thread 0x000002c3f135c4f0 DEOPT PACKING pc=0x000002c39ef5fab4 sp=0x000000cb8dcfec50
Event: 3496.349 Thread 0x000002c3f135c4f0 DEOPT UNPACKING pc=0x000002c39e4c4e42 sp=0x000000cb8dcfe0f8 mode 1
Event: 3496.349 Thread 0x000002c3f135c4f0 DEOPT PACKING pc=0x000002c39ef5fe7c sp=0x000000cb8dcfecb0
Event: 3496.349 Thread 0x000002c3f135c4f0 DEOPT UNPACKING pc=0x000002c39e4c4e42 sp=0x000000cb8dcfe188 mode 1

Classes loaded (20 events):
Event: 1512.595 Loading class java/util/AbstractMap$2
Event: 1512.595 Loading class java/util/AbstractMap$2 done
Event: 1512.596 Loading class java/util/AbstractMap$2$1
Event: 1512.596 Loading class java/util/AbstractMap$2$1 done
Event: 1512.602 Loading class sun/security/ssl/Alert
Event: 1512.604 Loading class sun/security/ssl/Alert done
Event: 1512.605 Loading class sun/security/ssl/Alert$AlertConsumer
Event: 1512.605 Loading class sun/security/ssl/Alert$AlertConsumer done
Event: 1512.605 Loading class sun/security/ssl/Alert$Level
Event: 1512.605 Loading class sun/security/ssl/Alert$Level done
Event: 1512.628 Loading class sun/net/ConnectionResetException
Event: 1512.628 Loading class sun/net/ConnectionResetException done
Event: 1512.637 Loading class java/util/WeakHashMap$KeyIterator
Event: 1512.638 Loading class java/util/WeakHashMap$KeyIterator done
Event: 1512.688 Loading class java/lang/ref/Finalizer$2
Event: 1512.689 Loading class java/lang/ref/Finalizer$2 done
Event: 1512.690 Loading class java/lang/ref/Finalizer$1
Event: 1512.691 Loading class java/lang/ref/Finalizer$1 done
Event: 1515.599 Loading class java/time/DurationEditor
Event: 1515.599 Loading class java/time/DurationEditor done

Classes unloaded (20 events):
Event: 1568.554 Thread 0x000002c3a8651930 Unloading class 0x000002c3aa182000 'java/lang/invoke/LambdaForm$MH+0x000002c3aa182000'
Event: 1568.554 Thread 0x000002c3a8651930 Unloading class 0x000002c3aa180400 'java/lang/invoke/LambdaForm$MH+0x000002c3aa180400'
Event: 1568.554 Thread 0x000002c3a8651930 Unloading class 0x000002c3aa180000 'java/lang/invoke/LambdaForm$MH+0x000002c3aa180000'
Event: 1568.554 Thread 0x000002c3a8651930 Unloading class 0x000002c3aa15dc00 'java/lang/invoke/LambdaForm$MH+0x000002c3aa15dc00'
Event: 1568.554 Thread 0x000002c3a8651930 Unloading class 0x000002c3aa0cc800 'java/lang/invoke/LambdaForm$MH+0x000002c3aa0cc800'
Event: 1568.554 Thread 0x000002c3a8651930 Unloading class 0x000002c3aa0cb800 'java/lang/invoke/LambdaForm$MH+0x000002c3aa0cb800'
Event: 1568.554 Thread 0x000002c3a8651930 Unloading class 0x000002c3aa0cb400 'java/lang/invoke/LambdaForm$MH+0x000002c3aa0cb400'
Event: 1568.554 Thread 0x000002c3a8651930 Unloading class 0x000002c3aa0cac00 'java/lang/invoke/LambdaForm$MH+0x000002c3aa0cac00'
Event: 1568.554 Thread 0x000002c3a8651930 Unloading class 0x000002c3aa0ca400 'java/lang/invoke/LambdaForm$MH+0x000002c3aa0ca400'
Event: 1568.554 Thread 0x000002c3a8651930 Unloading class 0x000002c3aa00b800 'java/lang/invoke/LambdaForm$MH+0x000002c3aa00b800'
Event: 1568.554 Thread 0x000002c3a8651930 Unloading class 0x000002c3aa00a800 'java/lang/invoke/LambdaForm$MH+0x000002c3aa00a800'
Event: 1568.554 Thread 0x000002c3a8651930 Unloading class 0x000002c3aa00a400 'java/lang/invoke/LambdaForm$MH+0x000002c3aa00a400'
Event: 1568.554 Thread 0x000002c3a8651930 Unloading class 0x000002c3aa009c00 'java/lang/invoke/LambdaForm$MH+0x000002c3aa009c00'
Event: 1568.554 Thread 0x000002c3a8651930 Unloading class 0x000002c3aa009000 'java/lang/invoke/LambdaForm$MH+0x000002c3aa009000'
Event: 1568.554 Thread 0x000002c3a8651930 Unloading class 0x000002c3aa007400 'java/lang/invoke/LambdaForm$MH+0x000002c3aa007400'
Event: 1568.554 Thread 0x000002c3a8651930 Unloading class 0x000002c3aa006c00 'java/lang/invoke/LambdaForm$MH+0x000002c3aa006c00'
Event: 1568.554 Thread 0x000002c3a8651930 Unloading class 0x000002c3aa006400 'java/lang/invoke/LambdaForm$MH+0x000002c3aa006400'
Event: 1568.554 Thread 0x000002c3a8651930 Unloading class 0x000002c3aa005c00 'java/lang/invoke/LambdaForm$MH+0x000002c3aa005c00'
Event: 1568.554 Thread 0x000002c3a8651930 Unloading class 0x000002c3aa005400 'java/lang/invoke/LambdaForm$MH+0x000002c3aa005400'
Event: 1702.435 Thread 0x000002c3a8651930 Unloading class 0x000002c3aa4b1000 'org/apache/catalina/loader/JdbcLeakPrevention'

Classes redefined (3 events):
Event: 1511.469 Thread 0x000002c3a8651930 redefined class name=com.example.demo.entity.TaskEntity, count=1
Event: 1567.279 Thread 0x000002c3a8651930 redefined class name=com.example.demo.entity.TaskEntity, count=2
Event: 1567.279 Thread 0x000002c3a8651930 redefined class name=com.example.demo.entity.TaskEntity, count=1

Internal exceptions (20 events):
Event: 1702.405 Thread 0x000002c3f135d210 Exception <a 'java/io/IOException'{0x0000000706e47568}> (0x0000000706e47568) 
thrown [s\src\hotspot\share\prims\jni.cpp, line 520]
Event: 1702.406 Thread 0x000002c3f135d210 Exception <a 'java/io/IOException'{0x0000000706e48188}> (0x0000000706e48188) 
thrown [s\src\hotspot\share\prims\jni.cpp, line 520]
Event: 1702.407 Thread 0x000002c3f135d210 Exception <a 'java/io/IOException'{0x0000000706e4b4f0}> (0x0000000706e4b4f0) 
thrown [s\src\hotspot\share\prims\jni.cpp, line 520]
Event: 1702.407 Thread 0x000002c3f135d210 Exception <a 'java/io/IOException'{0x0000000706e4c110}> (0x0000000706e4c110) 
thrown [s\src\hotspot\share\prims\jni.cpp, line 520]
Event: 1702.408 Thread 0x000002c3f135d210 Exception <a 'java/io/IOException'{0x0000000706e4f498}> (0x0000000706e4f498) 
thrown [s\src\hotspot\share\prims\jni.cpp, line 520]
Event: 1702.409 Thread 0x000002c3f135d210 Exception <a 'java/io/IOException'{0x0000000706e500b8}> (0x0000000706e500b8) 
thrown [s\src\hotspot\share\prims\jni.cpp, line 520]
Event: 1702.412 Thread 0x000002c3f18f9a50 Exception <a 'java/lang/InterruptedException'{0x0000000706e765c0}: sleep interrupted> (0x0000000706e765c0) 
thrown [s\src\hotspot\share\prims\jvm.cpp, line 3074]
Event: 1702.494 Thread 0x000002c3f135f2e0 Exception <a 'sun/nio/fs/WindowsException'{0x000000070f494968}> (0x000000070f494968) 
thrown [s\src\hotspot\share\prims\jni.cpp, line 520]
Event: 1702.857 Thread 0x000002c3f135f2e0 Exception <a 'java/lang/NoClassDefFoundError'{0x0000000706bb5fd8}: org/flywaydb/core/Flyway> (0x0000000706bb5fd8) 
thrown [s\src\hotspot\share\oops\constantPool.cpp, line 873]
Event: 1702.858 Thread 0x000002c3f135f2e0 Exception <a 'java/lang/NoClassDefFoundError'{0x0000000706bb6638}: liquibase/integration/spring/SpringLiquibase> (0x0000000706bb6638) 
thrown [s\src\hotspot\share\oops\constantPool.cpp, line 873]
Event: 1702.861 Thread 0x000002c3f135f2e0 Exception <a 'java/lang/NoClassDefFoundError'{0x0000000706bce498}: org/springframework/batch/core/repository/JobRepository> (0x0000000706bce498) 
thrown [s\src\hotspot\share\oops\constantPool.cpp, line 873]
Event: 1702.862 Thread 0x000002c3f135f2e0 Exception <a 'java/lang/NoClassDefFoundError'{0x0000000706bceaf0}: org/quartz/Scheduler> (0x0000000706bceaf0) 
thrown [s\src\hotspot\share\oops\constantPool.cpp, line 873]
Event: 1702.863 Thread 0x000002c3f135f2e0 Exception <a 'java/lang/NoClassDefFoundError'{0x0000000706bcf170}: org/springframework/session/jdbc/JdbcIndexedSessionRepository> (0x0000000706bcf170) 
thrown [s\src\hotspot\share\oops\constantPool.cpp, line 873]
Event: 1702.866 Thread 0x000002c3f135f2e0 Exception <a 'java/lang/NoClassDefFoundError'{0x000000070681c528}: org/jooq/DSLContext> (0x000000070681c528) 
thrown [s\src\hotspot\share\oops\constantPool.cpp, line 873]
Event: 1702.958 Thread 0x000002c3f135f2e0 Exception <a 'java/io/FileNotFoundException'{0x00000007062de598}> (0x00000007062de598) 
thrown [s\src\hotspot\share\prims\jni.cpp, line 520]
Event: 1702.982 Thread 0x000002c3f135f2e0 Exception <a 'java/io/FileNotFoundException'{0x00000007060a9b08}> (0x00000007060a9b08) 
thrown [s\src\hotspot\share\prims\jni.cpp, line 520]
Event: 3464.887 Thread 0x000002c3f1359070 Exception <a 'java/io/IOException'{0x00000007053dfcf8}> (0x00000007053dfcf8) 
thrown [s\src\hotspot\share\prims\jni.cpp, line 520]
Event: 3464.887 Thread 0x000002c3f1359070 Exception <a 'java/io/IOException'{0x00000007053e0bf0}> (0x00000007053e0bf0) 
thrown [s\src\hotspot\share\prims\jni.cpp, line 520]
Event: 3474.056 Thread 0x000002c3f135cb80 Exception <a 'java/io/IOException'{0x00000007050bbf40}> (0x00000007050bbf40) 
thrown [s\src\hotspot\share\prims\jni.cpp, line 520]
Event: 3496.348 Thread 0x000002c3f135c4f0 Exception <a 'java/io/IOException'{0x0000000704e181d8}> (0x0000000704e181d8) 
thrown [s\src\hotspot\share\prims\jni.cpp, line 520]

ZGC Phase Switch (0 events):
No events

VM Operations (20 events):
Event: 2826.704 Executing VM operation: HandshakeAllThreads (HandshakeForDeflation) done
Event: 2826.704 Executing VM operation: RendezvousGCThreads
Event: 2826.704 Executing VM operation: RendezvousGCThreads done
Event: 3187.347 Executing VM operation: HandshakeAllThreads (HandshakeForDeflation)
Event: 3187.347 Executing VM operation: HandshakeAllThreads (HandshakeForDeflation) done
Event: 3187.347 Executing VM operation: RendezvousGCThreads
Event: 3187.347 Executing VM operation: RendezvousGCThreads done
Event: 3247.356 Executing VM operation: HandshakeAllThreads (HandshakeForDeflation)
Event: 3247.356 Executing VM operation: HandshakeAllThreads (HandshakeForDeflation) done
Event: 3247.356 Executing VM operation: RendezvousGCThreads
Event: 3247.356 Executing VM operation: RendezvousGCThreads done
Event: 3307.376 Executing VM operation: HandshakeAllThreads (HandshakeForDeflation)
Event: 3307.376 Executing VM operation: HandshakeAllThreads (HandshakeForDeflation) done
Event: 3307.376 Executing VM operation: RendezvousGCThreads
Event: 3307.376 Executing VM operation: RendezvousGCThreads done
Event: 3465.816 Executing VM operation: Cleanup
Event: 3465.817 Executing VM operation: Cleanup done
Event: 3475.880 Executing VM operation: Cleanup
Event: 3475.880 Executing VM operation: Cleanup done
Event: 3542.134 Executing VM operation: G1CollectForAllocation (G1 Evacuation Pause)

Events (20 events):
Event: 1703.047 Thread 0x000002c3ee1a7ad0 Thread added: 0x000002c3ee1a7ad0
Event: 1703.162 Thread 0x000002c3f1359070 Thread added: 0x000002c3f1359070
Event: 1708.602 Thread 0x000002c3ee1a7ad0 Thread exited: 0x000002c3ee1a7ad0
Event: 1708.633 Thread 0x000002c3f1359070 Thread exited: 0x000002c3f1359070
Event: 3464.882 Thread 0x000002c3f1359070 Thread added: 0x000002c3f1359070
Event: 3464.888 Thread 0x000002c3f135df30 Thread added: 0x000002c3f135df30
Event: 3472.163 Thread 0x000002c3f1359070 Thread exited: 0x000002c3f1359070
Event: 3472.225 Thread 0x000002c3f135df30 Thread exited: 0x000002c3f135df30
Event: 3474.053 Thread 0x000002c3f135cb80 Thread added: 0x000002c3f135cb80
Event: 3474.058 Thread 0x000002c3f135ec50 Thread added: 0x000002c3f135ec50
Event: 3480.455 Thread 0x000002c3f135cb80 Thread exited: 0x000002c3f135cb80
Event: 3480.517 Thread 0x000002c3f135ec50 Thread exited: 0x000002c3f135ec50
Event: 3482.844 Thread 0x000002c3f135c4f0 Thread added: 0x000002c3f135c4f0
Event: 3482.847 Thread 0x000002c3f135df30 Thread added: 0x000002c3f135df30
Event: 3487.861 Thread 0x000002c3f135c4f0 Thread exited: 0x000002c3f135c4f0
Event: 3487.907 Thread 0x000002c3f135df30 Thread exited: 0x000002c3f135df30
Event: 3496.345 Thread 0x000002c3f135c4f0 Thread added: 0x000002c3f135c4f0
Event: 3496.349 Thread 0x000002c3f135cb80 Thread added: 0x000002c3f135cb80
Event: 3505.364 Thread 0x000002c3f135c4f0 Thread exited: 0x000002c3f135c4f0
Event: 3505.426 Thread 0x000002c3f135cb80 Thread exited: 0x000002c3f135cb80


Dynamic libraries:
0x00007ff6e1610000 - 0x00007ff6e161e000 	C:\pleiades\2024-06\java\21\bin\javaw.exe
0x00007ff836850000 - 0x00007ff836a48000 	C:\WINDOWS\SYSTEM32\ntdll.dll
0x00007ff835f40000 - 0x00007ff836002000 	C:\WINDOWS\System32\KERNEL32.DLL
0x00007ff8340d0000 - 0x00007ff8343ce000 	C:\WINDOWS\System32\KERNELBASE.dll
0x00007ff8344c0000 - 0x00007ff8345c0000 	C:\WINDOWS\System32\ucrtbase.dll
0x00007ff80d190000 - 0x00007ff80d1ab000 	C:\pleiades\2024-06\java\21\bin\VCRUNTIME140.dll
0x00007ff814f10000 - 0x00007ff814f28000 	C:\pleiades\2024-06\java\21\bin\jli.dll
0x00007ff835da0000 - 0x00007ff835f3d000 	C:\WINDOWS\System32\USER32.dll
0x00007ff833ef0000 - 0x00007ff833f12000 	C:\WINDOWS\System32\win32u.dll
0x00007ff818c90000 - 0x00007ff818f2a000 	C:\WINDOWS\WinSxS\amd64_microsoft.windows.common-controls_6595b64144ccf1df_6.0.19041.4355_none_60b8b9eb71f62e16\COMCTL32.dll
0x00007ff835210000 - 0x00007ff83523b000 	C:\WINDOWS\System32\GDI32.dll
0x00007ff835c60000 - 0x00007ff835cfe000 	C:\WINDOWS\System32\msvcrt.dll
0x00007ff834750000 - 0x00007ff834867000 	C:\WINDOWS\System32\gdi32full.dll
0x00007ff8343d0000 - 0x00007ff83446d000 	C:\WINDOWS\System32\msvcp_win.dll
0x00007ff836010000 - 0x00007ff83603f000 	C:\WINDOWS\System32\IMM32.DLL
0x00007ff80d180000 - 0x00007ff80d18c000 	C:\pleiades\2024-06\java\21\bin\vcruntime140_1.dll
0x00007ff80d0f0000 - 0x00007ff80d17e000 	C:\pleiades\2024-06\java\21\bin\msvcp140.dll
0x00007fffb66a0000 - 0x00007fffb7422000 	C:\pleiades\2024-06\java\21\bin\server\jvm.dll
0x00007ff835650000 - 0x00007ff835701000 	C:\WINDOWS\System32\ADVAPI32.dll
0x00007ff835d00000 - 0x00007ff835d9f000 	C:\WINDOWS\System32\sechost.dll
0x00007ff836680000 - 0x00007ff8367a3000 	C:\WINDOWS\System32\RPCRT4.dll
0x00007ff834720000 - 0x00007ff834747000 	C:\WINDOWS\System32\bcrypt.dll
0x00007ff8363a0000 - 0x00007ff83640b000 	C:\WINDOWS\System32\WS2_32.dll
0x00007ff833d40000 - 0x00007ff833d8b000 	C:\WINDOWS\SYSTEM32\POWRPROF.dll
0x00007ff826570000 - 0x00007ff826597000 	C:\WINDOWS\SYSTEM32\WINMM.dll
0x00007ff82a650000 - 0x00007ff82a65a000 	C:\WINDOWS\SYSTEM32\VERSION.dll
0x00007ff833d20000 - 0x00007ff833d32000 	C:\WINDOWS\SYSTEM32\UMPDC.dll
0x00007ff832710000 - 0x00007ff832722000 	C:\WINDOWS\SYSTEM32\kernel.appcore.dll
0x00007ff826880000 - 0x00007ff82688a000 	C:\pleiades\2024-06\java\21\bin\jimage.dll
0x00007ff830cd0000 - 0x00007ff830eb4000 	C:\WINDOWS\SYSTEM32\DBGHELP.DLL
0x00007ff82a8b0000 - 0x00007ff82a8e4000 	C:\WINDOWS\SYSTEM32\dbgcore.DLL
0x00007ff833fd0000 - 0x00007ff834052000 	C:\WINDOWS\System32\bcryptPrimitives.dll
0x00007ff82dd80000 - 0x00007ff82ddbc000 	C:\pleiades\2024-06\java\21\bin\jdwp.dll
0x00007ff826020000 - 0x00007ff82602f000 	C:\pleiades\2024-06\java\21\bin\instrument.dll
0x00007ff815120000 - 0x00007ff81513f000 	C:\pleiades\2024-06\java\21\bin\java.dll
0x00007ff8349b0000 - 0x00007ff83511d000 	C:\WINDOWS\System32\SHELL32.dll
0x00007ff831f50000 - 0x00007ff8326f4000 	C:\WINDOWS\SYSTEM32\windows.storage.dll
0x00007ff836040000 - 0x00007ff836393000 	C:\WINDOWS\System32\combase.dll
0x00007ff833850000 - 0x00007ff83387e000 	C:\WINDOWS\SYSTEM32\Wldp.dll
0x00007ff8348d0000 - 0x00007ff83499d000 	C:\WINDOWS\System32\OLEAUT32.dll
0x00007ff835410000 - 0x00007ff8354bd000 	C:\WINDOWS\System32\SHCORE.dll
0x00007ff834870000 - 0x00007ff8348c5000 	C:\WINDOWS\System32\shlwapi.dll
0x00007ff833e20000 - 0x00007ff833e44000 	C:\WINDOWS\SYSTEM32\profapi.dll
0x00007ff8307f0000 - 0x00007ff8307fb000 	C:\pleiades\2024-06\java\21\bin\dt_socket.dll
0x00007ff833290000 - 0x00007ff8332cb000 	C:\WINDOWS\SYSTEM32\IPHLPAPI.DLL
0x00007ff8335b0000 - 0x00007ff83361a000 	C:\WINDOWS\system32\mswsock.dll
0x00007ff8332d0000 - 0x00007ff83339a000 	C:\WINDOWS\SYSTEM32\DNSAPI.dll
0x00007ff8349a0000 - 0x00007ff8349a8000 	C:\WINDOWS\System32\NSI.dll
0x00007ff829050000 - 0x00007ff82905a000 	C:\Windows\System32\rasadhlp.dll
0x00007ff829070000 - 0x00007ff8290f0000 	C:\WINDOWS\System32\fwpuclnt.dll
0x00007ff8128e0000 - 0x00007ff8128f8000 	C:\pleiades\2024-06\java\21\bin\zip.dll
0x00007ff826010000 - 0x00007ff826020000 	C:\pleiades\2024-06\java\21\bin\net.dll
0x00007ff830fe0000 - 0x00007ff8310ed000 	C:\WINDOWS\SYSTEM32\WINHTTP.dll
0x00007ff80d5b0000 - 0x00007ff80d5c6000 	C:\pleiades\2024-06\java\21\bin\nio.dll
0x00007ff82ac80000 - 0x00007ff82ac8a000 	C:\pleiades\2024-06\java\21\bin\management.dll
0x00007ff82ac70000 - 0x00007ff82ac7b000 	C:\pleiades\2024-06\java\21\bin\management_ext.dll
0x00007ff8364c0000 - 0x00007ff8364c8000 	C:\WINDOWS\System32\PSAPI.DLL
0x00007ff8283a0000 - 0x00007ff8283b7000 	C:\WINDOWS\system32\napinsp.dll
0x00007ff828420000 - 0x00007ff82843b000 	C:\WINDOWS\system32\pnrpnsp.dll
0x00007ff82cec0000 - 0x00007ff82cedd000 	C:\WINDOWS\system32\NLAapi.dll
0x00007ff82e210000 - 0x00007ff82e225000 	C:\WINDOWS\system32\wshbth.dll
0x00007ff826a50000 - 0x00007ff826a62000 	C:\WINDOWS\System32\winrnr.dll
0x00007ff82ccc0000 - 0x00007ff82ccd0000 	C:\pleiades\2024-06\java\21\bin\verify.dll
0x00007ff8337b0000 - 0x00007ff8337c8000 	C:\WINDOWS\SYSTEM32\CRYPTSP.dll
0x00007ff832ed0000 - 0x00007ff832f04000 	C:\WINDOWS\system32\rsaenh.dll
0x00007ff833de0000 - 0x00007ff833e0e000 	C:\WINDOWS\SYSTEM32\USERENV.dll
0x00007ff8337a0000 - 0x00007ff8337ac000 	C:\WINDOWS\SYSTEM32\CRYPTBASE.dll
0x00007ff82ae40000 - 0x00007ff82ae49000 	C:\pleiades\2024-06\java\21\bin\extnet.dll
0x00007ff811020000 - 0x00007ff81102e000 	C:\pleiades\2024-06\java\21\bin\sunmscapi.dll
0x00007ff8345c0000 - 0x00007ff83471c000 	C:\WINDOWS\System32\CRYPT32.dll
0x00007ff8338c0000 - 0x00007ff8338e7000 	C:\WINDOWS\SYSTEM32\ncrypt.dll
0x00007ff833880000 - 0x00007ff8338bb000 	C:\WINDOWS\SYSTEM32\NTASN1.dll
0x00007fffc1a60000 - 0x00007fffc1a67000 	C:\WINDOWS\system32\wshunix.dll

dbghelp: loaded successfully - version: 4.0.5 - missing functions: none
symbol engine: initialized successfully - sym options: 0x614 - pdb path: .;C:\pleiades\2024-06\java\21\bin;C:\WINDOWS\SYSTEM32;C:\WINDOWS\WinSxS\amd64_microsoft.windows.common-controls_6595b64144ccf1df_6.0.19041.4355_none_60b8b9eb71f62e16;C:\pleiades\2024-06\java\21\bin\server

VM Arguments:
jvm_args: -XX:+ShowCodeDetailsInExceptionMessages -agentlib:jdwp=transport=dt_socket,suspend=y,address=localhost:65090 -Dcom.sun.management.jmxremote -Dcom.sun.management.jmxremote.port=65089 -Dcom.sun.management.jmxremote.authenticate=false -Dcom.sun.management.jmxremote.ssl=false -Djava.rmi.server.hostname=localhost -Dspring.jmx.enabled=true -Dmanagement.endpoints.jmx.exposure.include=* -Dspring.application.admin.enabled=true -XX:TieredStopAtLevel=1 -Dspring.boot.project.name=ToDoapp -javaagent:C:\pleiades\2024-06\eclipse\configuration\org.eclipse.osgi\251\0\.cp\lib\javaagent-shaded.jar -Dfile.encoding=UTF-8 -Dstdout.encoding=UTF-8 -Dstderr.encoding=UTF-8 
java_command: com.example.demo.ToDoappApplication --spring.output.ansi.enabled=always
java_class_path (initial): C:\pleiades\2024-06\workspace\ToDoapp\bin\main;C:\Users\USER\.gradle\caches\modules-2\files-2.1\org.projectlombok\lombok\1.18.36\5a30490a6e14977d97d9c73c924c1f1b5311ea95\lombok-1.18.36.jar;C:\Users\USER\.gradle\caches\modules-2\files-2.1\org.springframework.boot\spring-boot-starter-data-jdbc\3.4.0\df42eca3490fa00dea074fae08aceb0946dc35a5\spring-boot-starter-data-jdbc-3.4.0.jar;C:\Users\USER\.gradle\caches\modules-2\files-2.1\org.springframework.boot\spring-boot-starter-data-jpa\3.4.0\c6e24cab029e2b2ef36c4a5a5b1a82dbaa9d18c0\spring-boot-starter-data-jpa-3.4.0.jar;C:\Users\USER\.gradle\caches\modules-2\files-2.1\org.springframework.boot\spring-boot-starter-thymeleaf\3.4.0\1ec7fdf829d485800146ec333d6e30af9fbc4830\spring-boot-starter-thymeleaf-3.4.0.jar;C:\Users\USER\.gradle\caches\modules-2\files-2.1\org.springframework.boot\spring-boot-starter-validation\3.4.0\580aad0cdaf9d9f862e9703a612db95846055843\spring-boot-starter-validation-3.4.0.jar;C:\Users\USER\.gradle\caches\modules-2\files-2.1\org.springframework.boot\spring-boot-starter-web\3.4.0\5447a62dc3dee3eadf2def23314e0db4c81bb3\spring-boot-starter-web-3.4.0.jar;C:\Users\USER\.gradle\caches\modules-2\files-2.1\org.springframework.boot\spring-boot-starter-jdbc\3.4.0\8e24eb3bee1a26a5b0ef58ad677ac3f6bf58a4ea\spring-boot-starter-jdbc-3.4.0.jar;C:\Users\USER\.gradle\caches\modules-2\files-2.1\org.springframework.data\spring-data-jdbc\3.4.0\6c758270254adc1fab8c6bceb15090178289488b\spring-data-jdbc-3.4.0.jar;C:\Users\USER\.gradle\caches\modules-2\files-2.1\org.springframework.boot\spring-boot-starter-json\3.4.0\b817379dd7629234dbacd52a7d5a6b11f95d8d67\spring-boot-starter-json-3.4.0.jar;C:\Users\USER\.gradle\caches\modules-2\files-2.1\org.springframework.boot\spring-boot-starter\3.4.0\81b6241291e468e5654a4df26ee8fb35c2879bbc\spring-boot-starter-3.4.0.jar;C:\Users\USER\.gradle\caches\modules-2\files-2.1\org.hibernate.orm\hibernate-core\6.6.2.Final\eb4edddac5d31e47c367dde7d7b53a2a87f364a6\hibernate-core-6.6.2.Final.jar;C:\Users\USER\.gradle\caches\modules-2\files-2.1\org.springframework.data\spring-data-jpa\3.4.0\b4eba91ce346e78f66dcada67fc493b8acaeac69\spring-data-jpa-3.4.0.jar;C:\Users\USER\.gradle\caches\modules-2\files-2.1\org.springframework\spring-aspects\6.2.0\b26611284cc7a5540c7dea3788cf79b1fa872f8b\spring-aspects-6.2.0.jar;C:\Users\USER\.gradle\caches\modules-2\files-2.1\org.thymeleaf\thymeleaf-spring6\3.1.2.RELEASE\6030c7b4e260c41336f378e53da6e8531263f24b\thymeleaf-spring6-3.1.2.RELEASE.jar;C:\Users\USER\.gradle\caches\modules-2\files-2.1\org.springframework.boot\spring-boot-starter-tomcat\3.4.0\90a4cb855aa6fab8da0a3831d8fff5e5a9093d6a\spring-boot-starter-tomcat-3.4.0.jar;C:\Users\USER\.gradle\caches\modules-2\files-2.1\org.apache.tomcat.embed\tomcat-embed-el\10.1.33\6cdf9afcb8577309fae1181e0a5f2f8cff559d97\tomcat-embed-el-10.1.33.jar;C:\Users\USER\.gradle\caches\modules-2\files-2.1\org.hibernate.validator\hibernate-validator\8.0.1.Final\e49e116b3d3928060599b176b3538bb848718e95\hibernate-validator-8.0.1.Final.jar;C:\Users\USER\.gradle\caches\modules-2\files-2.1\org.springframework\spring-webmvc\6.2.0\2eddfeb4d7a12b1ed301bc07abc7e73bca94c2e9\spring-webmvc-6.2.0.jar;C:\Users\USER\.gradle\caches\modules-2\files-2.1\org.springframework\spring-web\6.2.0\e1b702476fe83b2354baf88b8179f71c53fbbfae\spring-web-6.2.0.jar;C:\Users\USER\.gradle\caches\modules-2\files-2.1\com.zaxxer\HikariCP\5.1.0\8c96e36c14461fc436bb02b264b96ef3ca5dca8c\HikariCP-5.1.0.jar;C:\Users\USER\.gradle\caches\modules-2\files-2.1\org.springframework\spring-orm\6.2.0\e02bdeb64ee3986d0e8cf0b53dbb4ca89d25f606\spring-orm-6.2.0.jar;C:\Users\USER\.gradle\caches\modules-2\files-2.1\org.springframework\spring-jdbc\6.2.0\3907c5ca693671d164fbb056e40146a80c1c39ee\spring-jdbc-6.2.0.jar;C:\Users\USER\.gradle\caches\modules-2\files-2.1\org.springframework.data\spring-data-relational\3.4.0\caf46ef775243c21fb65d33fbc6032a84348de15\spring-data-relational-3.4.0.jar;C:\Users\USER\.gradle\caches\modules-2\files-2.1\org.springframework.data\spring-data-commons\3.4.0\18db6a4614e253a642b06a38a359b8d56b855be1\spring-data-commons-3.4.0.jar;C:\Users\USER\.gradle\caches\modules-2\files-2.1\org.springframework\spring-tx\6.2.0\940031e305c992e11d52cb3e75fb71f71bf5a19d\spring-tx-6.2.0.jar;C:\Users\USER\.gradle\caches\modules-2\files-2.1\org.springframework.boot\spring-boot-autoconfigure\3.4.0\2cf78b01be25952c96cb8ee60b4b0562b3a136f2\spring-boot-autoconfigure-3.4.0.jar;C:\Users\USER\.gradle\caches\modules-2\files-2.1\org.springframework.boot\spring-boot\3.4.0\cbc6c54cc6958a5e24872025e0d6ff0c87ed3594\spring-boot-3.4.0.jar;C:\Users\USER\.gradle\caches\modules-2\files-2.1\org.springframework\spring-context\6.2.0\c08dc2bbbe833de7ceda56e8b8bbcc7014413a2a\spring-context-6.2.0.jar;C:\Users\USER\.gradle\caches\modules-2\files-2.1\org.springframework\spring-aop\6.2.0\999012dfb56640f7babdf4f6c55b3f59c1596f3f\spring-aop-6.2.0.jar;C:\Users\USER\.gradle\caches\modules-2\files-2.1\org.springframework\spring-beans\6.2.0\972694ca3c2f44d64d55429dfcc6ca2dfa9fddf\spring-beans-6.2.0.jar;C:\Users\USER\.gradle\caches\modules-2\files-2.1\org.springframework\spring-expression\6.2.0\7e92dcd147157641446081db281e9437d8f4dcd\spring-expression-6.2.0.jar;C:\Users\USER\.gradle\caches\modules-2\files-2.1\org.springframework\spring-core\6.2.0\b0d65768b9f99204857dc9a5548443c04ba61c79\spring-core-6.2.0.jar;C:\Users\USER\.gradle\caches\modules-2\files-2.1\org.thymeleaf\thymeleaf\3.1.2.RELEASE\273997509a4c7aef86cee0521750140c587d9be2\thymeleaf-3.1.2.RELEASE.jar;C:\Users\USER\.gradle\caches\modules-2\files-2.1\org.springframework.boot\spring-boot-starter-logging\3.4.0\10d953f63139bf05ca8bee79272aadac745e297e\spring-boot-starter-logging-3.4.0.jar;C:\Users\USER\.gradle\caches\modules-2\files-2.1\ch.qos.logback\logback-classic\1.5.12\3790d1a62e868f7915776dfb392bd9a29ce8d954\logback-classic-1.5.12.jar;C:\Users\USER\.gradle\caches\modules-2\files-2.1\org.apache.logging.log4j\log4j-to-slf4j\2.24.1\fc8228007ccbf3bcdd9c6045de2c20bd03dbcf6e\log4j-to-slf4j-2.24.1.jar;C:\Users\USER\.gradle\caches\modules-2\files-2.1\org.slf4j\jul-to-slf4j\2.0.16\6d57da3e961daac65bcca0dd3def6cd11e48a24a\jul-to-slf4j-2.0.16.jar;C:\Users\USER\.gradle\caches\modules-2\files-2.1\org.slf4j\slf4j-api\2.0.16\172931663a09a1fa515567af5fbef00897d3c04\slf4j-api-2.0.16.jar;C:\Users\USER\.gradle\caches\modules-2\files-2.1\jakarta.annotation\jakarta.annotation-api\2.1.1\48b9bda22b091b1f48b13af03fe36db3be6e1ae3\jakarta.annotation-api-2.1.1.jar;C:\Users\USER\.gradle\caches\modules-2\files-2.1\org.yaml\snakeyaml\2.3\936b36210e27320f920536f695cf1af210c44586\snakeyaml-2.3.jar;C:\Users\USER\.gradle\caches\modules-2\files-2.1\jakarta.persistence\jakarta.persistence-api\3.1.0\66901fa1c373c6aff65c13791cc11da72060a8d6\jakarta.persistence-api-3.1.0.jar;C:\Users\USER\.gradle\caches\modules-2\files-2.1\jakarta.transaction\jakarta.transaction-api\2.0.1\51a520e3fae406abb84e2e1148e6746ce3f80a1a\jakarta.transaction-api-2.0.1.jar;C:\Users\USER\.gradle\caches\modules-2\files-2.1\org.antlr\antlr4-runtime\4.13.0\5a02e48521624faaf5ff4d99afc88b01686af655\antlr4-runtime-4.13.0.jar;C:\Users\USER\.gradle\caches\modules-2\files-2.1\org.aspectj\aspectjweaver\1.9.22.1\bca243d0af0db4758fbae45c5f4995cb5dabb612\aspectjweaver-1.9.22.1.jar;C:\Users\USER\.gradle\caches\modules-2\files-2.1\jakarta.validation\jakarta.validation-api\3.0.2\92b6631659ba35ca09e44874d3eb936edfeee532\jakarta.validation-api-3.0.2.jar;C:\Users\USER\.gradle\caches\modules-2\files-2.1\org.jboss.logging\jboss-logging\3.6.1.Final\886afbb445b4016a37c8960a7aef6ebd769ce7e5\jboss-logging-3.6.1.Final.jar;C:\Users\USER\.gradle\caches\modules-2\files-2.1\com.fasterxml\classmate\1.7.0\e98374da1f2143ac8e6e0a95036994bb19137a3\classmate-1.7.0.jar;C:\Users\USER\.gradle\caches\modules-2\files-2.1\com.fasterxml.jackson.datatype\jackson-datatype-jsr310\2.18.1\36e49c07197395164d50df4b8ed17f5fc05430f0\jackson-datatype-jsr310-2.18.1.jar;C:\Users\USER\.gradle\caches\modules-2\files-2.1\com.fasterxml.jackson.module\jackson-module-parameter-names\2.18.1\202b447a91d5466433f91690f9414dd466dcbc2b\jackson-module-parameter-names-2.18.1.jar;C:\Users\USER\.gradle\caches\modules-2\files-2.1\com.fasterxml.jackson.core\jackson-annotations\2.18.1\8f9aa97e7fb44d4bea829061625472b0f6199923\jackson-annotations-2.18.1.jar;C:\Users\USER\.gradle\caches\modules-2\files-2.1\com.fasterxml.jackson.core\jackson-core\2.18.1\9e2284c539e2dedd2aa1487c781e20a0f575d695\jackson-core-2.18.1.jar;C:\Users\USER\.gradle\caches\modules-2\files-2.1\com.fasterxml.jackson.datatype\jackson-datatype-jdk8\2.18.1\944810b96bfe1d149ecdafb1228537610e14367a\jackson-datatype-jdk8-2.18.1.jar;C:\Users\USER\.gradle\caches\modules-2\files-2.1\com.fasterxml.jackson.core\jackson-databind\2.18.1\66547d0c6c2f9e022019499308f09bebbf30ab2e\jackson-databind-2.18.1.jar;C:\Users\USER\.gradle\caches\modules-2\files-2.1\org.apache.tomcat.embed\tomcat-embed-websocket\10.1.33\67feeb848bf741029ed7a0fe91bcae515e7b1c25\tomcat-embed-websocket-10.1.33.jar;C:\Users\USER\.gradle\caches\modules-2\files-2.1\org.apache.tomcat.embed\tomcat-embed-core\10.1.33\d4d10b953164db057e4a803506e4552731e5a6a0\tomcat-embed-core-10.1.33.jar;C:\Users\USER\.gradle\caches\modules-2\files-2.1\io.micrometer\micrometer-observation\1.14.1\db326347a09c9c18b4149aae98b38d280cafdeb9\micrometer-observation-1.14.1.jar;C:\Users\USER\.gradle\caches\modules-2\files-2.1\org.springframework\spring-jcl\6.2.0\2b8e7bb1e751bf585e7db6de1d375c599e0c8cf5\spring-jcl-6.2.0.jar;C:\Users\USER\.gradle\caches\modules-2\files-2.1\org.attoparser\attoparser\2.0.7.RELEASE\e5d0e988d9124139d645bb5872b24dfa23e283cc\attoparser-2.0.7.RELEASE.jar;C:\Users\USER\.gradle\caches\modules-2\files-2.1\org.unbescape\unbescape\1.1.6.RELEASE\7b90360afb2b860e09e8347112800d12c12b2a13\unbescape-1.1.6.RELEASE.jar;C:\Users\USER\.gradle\caches\modules-2\files-2.1\io.micrometer\micrometer-commons\1.14.1\b7cf441e6c9de70794b09086751a8ec0e311d47e\micrometer-commons-1.14.1.jar;C:\Users\USER\.gradle\caches\modules-2\files-2.1\ch.qos.logback\logback-core\1.5.12\65b1fa25fe8d8e4bdc140e79eb67ac6741f775e2\logback-core-1.5.12.jar;C:\Users\USER\.gradle\caches\modules-2\files-2.1\org.apache.logging.log4j\log4j-api\2.24.1\7ebeb12c20606373005af4232cd0ecca72613dda\log4j-api-2.24.1.jar;C:\Users\USER\.gradle\caches\modules-2\files-2.1\org.springframework.boot\spring-boot-devtools\3.4.0\21d0e006937138605c3a7da926483f1884d8dfb0\spring-boot-devtools-3.4.0.jar;C:\Users\USER\.gradle\caches\modules-2\files-2.1\com.mysql\mysql-connector-j\9.1.0\5fb1d513278e1a9767dfa80ea9d8d7ee909f1a\mysql-connector-j-9.1.0.jar;C:\Users\USER\.gradle\caches\modules-2\files-2.1\org.hibernate.common\hibernate-commons-annotations\7.0.3.Final\e183c4be8bb41d12e9f19b374e00c34a0a85f439\hibernate-commons-annotations-7.0.3.Final.jar;C:\Users\USER\.gradle\caches\modules-2\files-2.1\io.smallrye\jandex\3.2.0\f17ad860f62a08487b9edabde608f8ac55c62fa7\jandex-3.2.0.jar;C:\Users\USER\.gradle\caches\modules-2\files-2.1\net.bytebuddy\byte-buddy\1.15.10\635c873fadd853c084f84fdc3cbd58c5dd8537f9\byte-buddy-1.15.10.jar;C:\Users\USER\.gradle\caches\modules-2\files-2.1\org.glassfish.jaxb\jaxb-runtime\4.0.5\ca84c2a7169b5293e232b9d00d1e4e36d4c3914a\jaxb-runtime-4.0.5.jar;C:\Users\USER\.gradle\caches\modules-2\files-2.1\org.glassfish.jaxb\jaxb-core\4.0.5\7b4b11ea5542eea4ad55e1080b23be436795b3\jaxb-core-4.0.5.jar;C:\Users\USER\.gradle\caches\modules-2\files-2.1\jakarta.xml.bind\jakarta.xml.bind-api\4.0.2\6cd5a999b834b63238005b7144136379dc36cad2\jakarta.xml.bind-api-4.0.2.jar;C:\Users\USER\.gradle\caches\modules-2\files-2.1\jakarta.inject\jakarta.inject-api\2.0.1\4c28afe1991a941d7702fe1362c365f0a8641d1e\jakarta.inject-api-2.0.1.jar;C:\Users\USER\.gradle\caches\modules-2\files-2.1\org.eclipse.angus\angus-activation\2.0.2\41f1e0ddd157c856926ed149ab837d110955a9fc\angus-activation-2.0.2.jar;C:\Users\USER\.gradle\caches\modules-2\files-2.1\jakarta.activation\jakarta.activation-api\2.1.3\fa165bd70cda600368eee31555222776a46b881f\jakarta.activation-api-2.1.3.jar;C:\Users\USER\.gradle\caches\modules-2\files-2.1\org.glassfish.jaxb\txw2\4.0.5\f36a4ef12120a9bb06d766d6a0e54b144fd7ed98\txw2-4.0.5.jar;C:\Users\USER\.gradle\caches\modules-2\files-2.1\com.sun.istack\istack-commons-runtime\4.1.2\18ec117c85f3ba0ac65409136afa8e42bc74e739\istack-commons-runtime-4.1.2.jar
Launcher Type: SUN_STANDARD

[Global flags]
     intx CICompilerCount                          = 3                                         {product} {ergonomic}
     uint ConcGCThreads                            = 1                                         {product} {ergonomic}
     uint G1ConcRefinementThreads                  = 4                                         {product} {ergonomic}
   size_t G1HeapRegionSize                         = 2097152                                   {product} {ergonomic}
    uintx GCDrainStackTargetSize                   = 64                                        {product} {ergonomic}
   size_t InitialHeapSize                          = 266338304                                 {product} {ergonomic}
     bool ManagementServer                         = true                                      {product} {command line}
   size_t MarkStackSize                            = 4194304                                   {product} {ergonomic}
   size_t MaxHeapSize                              = 4257218560                                {product} {ergonomic}
   size_t MaxNewSize                               = 2554331136                                {product} {ergonomic}
   size_t MinHeapDeltaBytes                        = 2097152                                   {product} {ergonomic}
   size_t MinHeapSize                              = 8388608                                   {product} {ergonomic}
    uintx NonNMethodCodeHeapSize                   = 4096                                   {pd product} {ergonomic}
    uintx NonProfiledCodeHeapSize                  = 0                                      {pd product} {ergonomic}
     bool ProfileInterpreter                       = false                                  {pd product} {command line}
    uintx ProfiledCodeHeapSize                     = 0                                      {pd product} {ergonomic}
     bool ShowCodeDetailsInExceptionMessages       = true                                   {manageable} {command line}
   size_t SoftMaxHeapSize                          = 4257218560                             {manageable} {ergonomic}
     intx TieredStopAtLevel                        = 1                                         {product} {command line}
     bool UseCompressedOops                        = true                           {product lp64_product} {ergonomic}
     bool UseG1GC                                  = true                                      {product} {ergonomic}
     bool UseLargePagesIndividualAllocation        = false                                  {pd product} {ergonomic}

Logging:
Log output configuration:
 #0: stdout all=warning uptime,level,tags foldmultilines=false
 #1: stderr all=off uptime,level,tags foldmultilines=false

Environment Variables:
JAVA_HOME=C:\Users\USER\AppData\Local\Programs\Eclipse Adoptium\jdk-21.0.4.7-hotspot\
PATH=C:/pleiades/2024-06/java/21/bin/server;C:/pleiades/2024-06/java/21/bin;C:\Program Files (x86)\Intel\Intel(R) Management Engine Components\iCLS\;C:\Program Files\Intel\Intel(R) Management Engine Components\iCLS\;C:\WINDOWS\system32;C:\WINDOWS;C:\WINDOWS\System32\Wbem;C:\WINDOWS\System32\WindowsPowerShell\v1.0\;C:\WINDOWS\System32\OpenSSH\;C:\Program Files\Intel\WiFi\bin\;C:\Program Files\Common Files\Intel\WirelessCommon\;C:\Program Files (x86)\Intel\Intel(R) Management Engine Components\DAL;C:\Program Files\Intel\Intel(R) Management Engine Components\DAL;C:\Program Files (x86)\Intel\Intel(R) Management Engine Components\IPT;C:\Program Files\Intel\Intel(R) Management Engine Components\IPT;C:\Program Files\MySQL\MySQL Shell 8.0\bin\;C:\Program Files\Git\cmd;C:\Program Files\TortoiseGit\bin;C:\Program Files\MySQL\MySQL Shell 8.0\bin\;C:\Users\USER\AppData\Local\Programs\Eclipse Adoptium\jdk-21.0.4.7-hotspot\bin;C:\Users\USER\AppData\Local\Microsoft\WindowsApps;C:\Users\USER\AppData\Local\Programs\Microsoft VS Code\bin;C:\Users\USER\AppData\Local\GitHubDesktop\bin;C:\Users\USER\AppData\Local\JetBrains\Toolbox\scripts;;C:\pleiades\2024-06\eclipse;
USERNAME=USER
OS=Windows_NT
PROCESSOR_IDENTIFIER=Intel64 Family 6 Model 142 Stepping 9, GenuineIntel
TMP=C:\Users\USER\AppData\Local\Temp
TEMP=C:\Users\USER\AppData\Local\Temp




Periodic native trim disabled

---------------  S Y S T E M  ---------------

OS:
 Windows 10 , 64 bit Build 19041 (10.0.19041.5198)
OS uptime: 2 days 6:28 hours

CPU: total 4 (initial active 4) (2 cores per cpu, 2 threads per core) family 6 model 142 stepping 9 microcode 0xb4, cx8, cmov, fxsr, ht, mmx, 3dnowpref, sse, sse2, sse3, ssse3, sse4.1, sse4.2, popcnt, lzcnt, tsc, tscinvbit, avx, avx2, aes, erms, clmul, bmi1, bmi2, adx, fma, vzeroupper, clflush, clflushopt, rdtscp, f16c
Processor Information for all 4 processors :
  Max Mhz: 2904, Current Mhz: 2703, Mhz Limit: 2700

Memory: 4k page, system-wide physical 16238M (6055M free)
TotalPageFile size 18670M (AvailPageFile size 5494M)
current process WorkingSet (physical memory assigned to process): 272M, peak: 277M
current process commit charge ("private bytes"): 307M, peak: 373M

vm_info: OpenJDK 64-Bit Server VM (21.0.3+9-LTS) for windows-amd64 JRE (21.0.3+9-LTS), built on 2024-04-16T00:00:00Z by "admin" with MS VC++ 17.7 (VS2022)

END.
